#-----------------------------------------------------------
# Vivado v2020.2 (64-bit)
# SW Build 3064766 on Wed Nov 18 09:12:45 MST 2020
# IP Build 3064653 on Wed Nov 18 14:17:31 MST 2020
# Start of session at: Tue Jul  4 09:28:48 2023
# Process ID: 8868
# Current directory: C:/Users/utilisateur/Desktop/vga
# Command line: vivado.exe -gui_launcher_event rodinguilauncherevent10200 C:\Users\utilisateur\Desktop\vga\IP.xpr
# Log file: C:/Users/utilisateur/Desktop/vga/vivado.log
# Journal file: C:/Users/utilisateur/Desktop/vga\vivado.jou
#-----------------------------------------------------------
start_gui
open_project C:/Users/utilisateur/Desktop/vga/IP.xpr
WARNING: [filemgmt 56-3] Default IP Output Path : Could not find the directory 'C:/Users/utilisateur/Desktop/vga/IP.gen/sources_1'.
Scanning sources...
Finished scanning sources
INFO: [IP_Flow 19-234] Refreshing IP repositories
INFO: [IP_Flow 19-1704] No user IP repositories specified
INFO: [IP_Flow 19-2313] Loaded Vivado IP repository 'E:/Vivado/2020.2/data/ip'.
open_project: Time (s): cpu = 00:00:17 ; elapsed = 00:00:11 . Memory (MB): peak = 1124.984 ; gain = 0.000
update_compile_order -fileset sources_1
launch_simulation
Command: launch_simulation 
INFO: [Vivado 12-5698] Checking validity of IPs in the design for the 'XSim' simulator...
INFO: [Vivado 12-5682] Launching behavioral simulation in 'C:/Users/utilisateur/Desktop/vga/IP.sim/sim_1/behav/xsim'
INFO: [Vivado 12-4795] Using compiled simulation libraries for IPs
INFO: [SIM-utils-51] Simulation object is 'sim_1'
INFO: [USF-XSim-7] Finding pre-compiled libraries...
INFO: [USF-XSim-11] File 'E:/Vivado/2020.2/data/xsim/xsim.ini' copied to run dir:'C:/Users/utilisateur/Desktop/vga/IP.sim/sim_1/behav/xsim'
INFO: [SIM-utils-54] Inspecting design source files for 'rom_tb' in fileset 'sim_1'...
INFO: [USF-XSim-97] Finding global include files...
INFO: [USF-XSim-98] Fetching design files from 'sim_1'...
INFO: [USF-XSim-2] XSim::Compile design
INFO: [USF-XSim-61] Executing 'COMPILE and ANALYZE' step in 'C:/Users/utilisateur/Desktop/vga/IP.sim/sim_1/behav/xsim'
"xvlog --incr --relax -prj rom_tb_vlog.prj"
"xvhdl --incr --relax -prj rom_tb_vhdl.prj"
INFO: [VRFC 10-163] Analyzing VHDL file "C:/Users/utilisateur/Desktop/vga/generateur_pattern.vhd" into library xil_defaultlib
INFO: [VRFC 10-3107] analyzing entity 'generateur_pattern'
INFO: [VRFC 10-163] Analyzing VHDL file "C:/Users/utilisateur/Desktop/vga/top.vhd" into library xil_defaultlib
INFO: [VRFC 10-3107] analyzing entity 'image_process'
INFO: [USF-XSim-69] 'compile' step finished in '3' seconds
INFO: [USF-XSim-3] XSim::Elaborate design
INFO: [USF-XSim-61] Executing 'ELABORATE' step in 'C:/Users/utilisateur/Desktop/vga/IP.sim/sim_1/behav/xsim'
"xelab -wto d953160decc64b1ab7249507b13fb0f0 --incr --debug typical --relax --mt 2 -L xil_defaultlib -L fifo_generator_v13_2_5 -L unisims_ver -L unimacro_ver -L secureip -L xpm --snapshot rom_tb_behav xil_defaultlib.rom_tb xil_defaultlib.glbl -log elaborate.log"
Vivado Simulator 2020.2
Copyright 1986-1999, 2001-2020 Xilinx, Inc. All Rights Reserved.
Running: E:/Vivado/2020.2/bin/unwrapped/win64.o/xelab.exe -wto d953160decc64b1ab7249507b13fb0f0 --incr --debug typical --relax --mt 2 -L xil_defaultlib -L fifo_generator_v13_2_5 -L unisims_ver -L unimacro_ver -L secureip -L xpm --snapshot rom_tb_behav xil_defaultlib.rom_tb xil_defaultlib.glbl -log elaborate.log 
Using 2 slave threads.
Starting static elaboration
Pass Through NonSizing Optimizer
Completed static elaboration
INFO: [XSIM 43-4323] No Change in HDL. Linking previously generated obj files to create kernel
INFO: [USF-XSim-69] 'elaborate' step finished in '3' seconds
INFO: [USF-XSim-4] XSim::Simulate design
INFO: [USF-XSim-61] Executing 'SIMULATE' step in 'C:/Users/utilisateur/Desktop/vga/IP.sim/sim_1/behav/xsim'
INFO: [USF-XSim-98] *** Running xsim
   with args "rom_tb_behav -key {Behavioral:sim_1:Functional:rom_tb} -tclbatch {rom_tb.tcl} -view {C:/Users/utilisateur/Desktop/vga/rom_tb_behav.wcfg} -log {simulate.log}"
INFO: [USF-XSim-8] Loading simulator feature
Vivado Simulator 2020.2
Time resolution is 1 ps
open_wave_config C:/Users/utilisateur/Desktop/vga/rom_tb_behav.wcfg
source rom_tb.tcl
# set curr_wave [current_wave_config]
# if { [string length $curr_wave] == 0 } {
#   if { [llength [get_objects]] > 0} {
#     add_wave /
#     set_property needs_save false [current_wave_config]
#   } else {
#      send_msg_id Add_Wave-1 WARNING "No top level signals found. Simulator will start without a wave window. If you want to open a wave window go to 'File->New Waveform Configuration' or type 'create_wave_config' in the TCL console."
#   }
# }
# run 1000ns
INFO: [USF-XSim-96] XSim completed. Design snapshot 'rom_tb_behav' loaded.
INFO: [USF-XSim-97] XSim simulation ran for 1000ns
launch_simulation: Time (s): cpu = 00:00:13 ; elapsed = 00:00:12 . Memory (MB): peak = 1124.984 ; gain = 0.000
save_wave_config {C:/Users/utilisateur/Desktop/vga/rom_tb_behav.wcfg}
close_sim
INFO: [Simtcl 6-16] Simulation closed
launch_simulation
Command: launch_simulation 
INFO: [Vivado 12-5698] Checking validity of IPs in the design for the 'XSim' simulator...
INFO: [Vivado 12-5682] Launching behavioral simulation in 'C:/Users/utilisateur/Desktop/vga/IP.sim/sim_1/behav/xsim'
INFO: [Vivado 12-4795] Using compiled simulation libraries for IPs
INFO: [SIM-utils-51] Simulation object is 'sim_1'
INFO: [USF-XSim-7] Finding pre-compiled libraries...
INFO: [USF-XSim-11] File 'E:/Vivado/2020.2/data/xsim/xsim.ini' copied to run dir:'C:/Users/utilisateur/Desktop/vga/IP.sim/sim_1/behav/xsim'
INFO: [SIM-utils-54] Inspecting design source files for 'rom_tb' in fileset 'sim_1'...
INFO: [USF-XSim-97] Finding global include files...
INFO: [USF-XSim-98] Fetching design files from 'sim_1'...
INFO: [USF-XSim-2] XSim::Compile design
INFO: [USF-XSim-61] Executing 'COMPILE and ANALYZE' step in 'C:/Users/utilisateur/Desktop/vga/IP.sim/sim_1/behav/xsim'
"xvlog --incr --relax -prj rom_tb_vlog.prj"
"xvhdl --incr --relax -prj rom_tb_vhdl.prj"
INFO: [USF-XSim-69] 'compile' step finished in '3' seconds
INFO: [USF-XSim-3] XSim::Elaborate design
INFO: [USF-XSim-61] Executing 'ELABORATE' step in 'C:/Users/utilisateur/Desktop/vga/IP.sim/sim_1/behav/xsim'
"xelab -wto d953160decc64b1ab7249507b13fb0f0 --incr --debug typical --relax --mt 2 -L xil_defaultlib -L fifo_generator_v13_2_5 -L unisims_ver -L unimacro_ver -L secureip -L xpm --snapshot rom_tb_behav xil_defaultlib.rom_tb xil_defaultlib.glbl -log elaborate.log"
Vivado Simulator 2020.2
Copyright 1986-1999, 2001-2020 Xilinx, Inc. All Rights Reserved.
Running: E:/Vivado/2020.2/bin/unwrapped/win64.o/xelab.exe -wto d953160decc64b1ab7249507b13fb0f0 --incr --debug typical --relax --mt 2 -L xil_defaultlib -L fifo_generator_v13_2_5 -L unisims_ver -L unimacro_ver -L secureip -L xpm --snapshot rom_tb_behav xil_defaultlib.rom_tb xil_defaultlib.glbl -log elaborate.log 
Using 2 slave threads.
Starting static elaboration
Pass Through NonSizing Optimizer
Completed static elaboration
INFO: [XSIM 43-4323] No Change in HDL. Linking previously generated obj files to create kernel
INFO: [USF-XSim-69] 'elaborate' step finished in '2' seconds
INFO: [USF-XSim-4] XSim::Simulate design
INFO: [USF-XSim-61] Executing 'SIMULATE' step in 'C:/Users/utilisateur/Desktop/vga/IP.sim/sim_1/behav/xsim'
INFO: [USF-XSim-98] *** Running xsim
   with args "rom_tb_behav -key {Behavioral:sim_1:Functional:rom_tb} -tclbatch {rom_tb.tcl} -view {C:/Users/utilisateur/Desktop/vga/rom_tb_behav.wcfg} -log {simulate.log}"
INFO: [USF-XSim-8] Loading simulator feature
Vivado Simulator 2020.2
Time resolution is 1 ps
open_wave_config C:/Users/utilisateur/Desktop/vga/rom_tb_behav.wcfg
source rom_tb.tcl
# set curr_wave [current_wave_config]
# if { [string length $curr_wave] == 0 } {
#   if { [llength [get_objects]] > 0} {
#     add_wave /
#     set_property needs_save false [current_wave_config]
#   } else {
#      send_msg_id Add_Wave-1 WARNING "No top level signals found. Simulator will start without a wave window. If you want to open a wave window go to 'File->New Waveform Configuration' or type 'create_wave_config' in the TCL console."
#   }
# }
# run 1000ns
INFO: [USF-XSim-96] XSim completed. Design snapshot 'rom_tb_behav' loaded.
INFO: [USF-XSim-97] XSim simulation ran for 1000ns
launch_simulation: Time (s): cpu = 00:00:06 ; elapsed = 00:00:09 . Memory (MB): peak = 1124.984 ; gain = 0.000
run 200 us
save_wave_config {C:/Users/utilisateur/Desktop/vga/rom_tb_behav.wcfg}
close_sim
INFO: [Simtcl 6-16] Simulation closed
launch_simulation
Command: launch_simulation 
INFO: [Vivado 12-5698] Checking validity of IPs in the design for the 'XSim' simulator...
INFO: [Vivado 12-5682] Launching behavioral simulation in 'C:/Users/utilisateur/Desktop/vga/IP.sim/sim_1/behav/xsim'
INFO: [Vivado 12-4795] Using compiled simulation libraries for IPs
INFO: [SIM-utils-51] Simulation object is 'sim_1'
INFO: [USF-XSim-7] Finding pre-compiled libraries...
INFO: [USF-XSim-11] File 'E:/Vivado/2020.2/data/xsim/xsim.ini' copied to run dir:'C:/Users/utilisateur/Desktop/vga/IP.sim/sim_1/behav/xsim'
INFO: [SIM-utils-54] Inspecting design source files for 'rom_tb' in fileset 'sim_1'...
INFO: [USF-XSim-97] Finding global include files...
INFO: [USF-XSim-98] Fetching design files from 'sim_1'...
INFO: [USF-XSim-2] XSim::Compile design
INFO: [USF-XSim-61] Executing 'COMPILE and ANALYZE' step in 'C:/Users/utilisateur/Desktop/vga/IP.sim/sim_1/behav/xsim'
"xvlog --incr --relax -prj rom_tb_vlog.prj"
"xvhdl --incr --relax -prj rom_tb_vhdl.prj"
INFO: [USF-XSim-69] 'compile' step finished in '3' seconds
INFO: [USF-XSim-3] XSim::Elaborate design
INFO: [USF-XSim-61] Executing 'ELABORATE' step in 'C:/Users/utilisateur/Desktop/vga/IP.sim/sim_1/behav/xsim'
"xelab -wto d953160decc64b1ab7249507b13fb0f0 --incr --debug typical --relax --mt 2 -L xil_defaultlib -L fifo_generator_v13_2_5 -L unisims_ver -L unimacro_ver -L secureip -L xpm --snapshot rom_tb_behav xil_defaultlib.rom_tb xil_defaultlib.glbl -log elaborate.log"
Vivado Simulator 2020.2
Copyright 1986-1999, 2001-2020 Xilinx, Inc. All Rights Reserved.
Running: E:/Vivado/2020.2/bin/unwrapped/win64.o/xelab.exe -wto d953160decc64b1ab7249507b13fb0f0 --incr --debug typical --relax --mt 2 -L xil_defaultlib -L fifo_generator_v13_2_5 -L unisims_ver -L unimacro_ver -L secureip -L xpm --snapshot rom_tb_behav xil_defaultlib.rom_tb xil_defaultlib.glbl -log elaborate.log 
Using 2 slave threads.
Starting static elaboration
Pass Through NonSizing Optimizer
Completed static elaboration
INFO: [XSIM 43-4323] No Change in HDL. Linking previously generated obj files to create kernel
INFO: [USF-XSim-69] 'elaborate' step finished in '2' seconds
INFO: [USF-XSim-4] XSim::Simulate design
INFO: [USF-XSim-61] Executing 'SIMULATE' step in 'C:/Users/utilisateur/Desktop/vga/IP.sim/sim_1/behav/xsim'
INFO: [USF-XSim-98] *** Running xsim
   with args "rom_tb_behav -key {Behavioral:sim_1:Functional:rom_tb} -tclbatch {rom_tb.tcl} -view {C:/Users/utilisateur/Desktop/vga/rom_tb_behav.wcfg} -log {simulate.log}"
INFO: [USF-XSim-8] Loading simulator feature
Vivado Simulator 2020.2
Time resolution is 1 ps
open_wave_config C:/Users/utilisateur/Desktop/vga/rom_tb_behav.wcfg
source rom_tb.tcl
# set curr_wave [current_wave_config]
# if { [string length $curr_wave] == 0 } {
#   if { [llength [get_objects]] > 0} {
#     add_wave /
#     set_property needs_save false [current_wave_config]
#   } else {
#      send_msg_id Add_Wave-1 WARNING "No top level signals found. Simulator will start without a wave window. If you want to open a wave window go to 'File->New Waveform Configuration' or type 'create_wave_config' in the TCL console."
#   }
# }
# run 1000ns
INFO: [USF-XSim-96] XSim completed. Design snapshot 'rom_tb_behav' loaded.
INFO: [USF-XSim-97] XSim simulation ran for 1000ns
launch_simulation: Time (s): cpu = 00:00:06 ; elapsed = 00:00:09 . Memory (MB): peak = 1124.984 ; gain = 0.000
run 200 us
save_wave_config {C:/Users/utilisateur/Desktop/vga/rom_tb_behav.wcfg}
close_sim
INFO: [Simtcl 6-16] Simulation closed
launch_simulation
Command: launch_simulation 
INFO: [Vivado 12-5698] Checking validity of IPs in the design for the 'XSim' simulator...
INFO: [Vivado 12-5682] Launching behavioral simulation in 'C:/Users/utilisateur/Desktop/vga/IP.sim/sim_1/behav/xsim'
INFO: [Vivado 12-4795] Using compiled simulation libraries for IPs
INFO: [SIM-utils-51] Simulation object is 'sim_1'
INFO: [USF-XSim-7] Finding pre-compiled libraries...
INFO: [USF-XSim-11] File 'E:/Vivado/2020.2/data/xsim/xsim.ini' copied to run dir:'C:/Users/utilisateur/Desktop/vga/IP.sim/sim_1/behav/xsim'
INFO: [SIM-utils-54] Inspecting design source files for 'rom_tb' in fileset 'sim_1'...
INFO: [USF-XSim-97] Finding global include files...
INFO: [USF-XSim-98] Fetching design files from 'sim_1'...
INFO: [USF-XSim-2] XSim::Compile design
INFO: [USF-XSim-61] Executing 'COMPILE and ANALYZE' step in 'C:/Users/utilisateur/Desktop/vga/IP.sim/sim_1/behav/xsim'
"xvlog --incr --relax -prj rom_tb_vlog.prj"
"xvhdl --incr --relax -prj rom_tb_vhdl.prj"
INFO: [USF-XSim-69] 'compile' step finished in '3' seconds
INFO: [USF-XSim-3] XSim::Elaborate design
INFO: [USF-XSim-61] Executing 'ELABORATE' step in 'C:/Users/utilisateur/Desktop/vga/IP.sim/sim_1/behav/xsim'
"xelab -wto d953160decc64b1ab7249507b13fb0f0 --incr --debug typical --relax --mt 2 -L xil_defaultlib -L fifo_generator_v13_2_5 -L unisims_ver -L unimacro_ver -L secureip -L xpm --snapshot rom_tb_behav xil_defaultlib.rom_tb xil_defaultlib.glbl -log elaborate.log"
Vivado Simulator 2020.2
Copyright 1986-1999, 2001-2020 Xilinx, Inc. All Rights Reserved.
Running: E:/Vivado/2020.2/bin/unwrapped/win64.o/xelab.exe -wto d953160decc64b1ab7249507b13fb0f0 --incr --debug typical --relax --mt 2 -L xil_defaultlib -L fifo_generator_v13_2_5 -L unisims_ver -L unimacro_ver -L secureip -L xpm --snapshot rom_tb_behav xil_defaultlib.rom_tb xil_defaultlib.glbl -log elaborate.log 
Using 2 slave threads.
Starting static elaboration
Pass Through NonSizing Optimizer
Completed static elaboration
INFO: [XSIM 43-4323] No Change in HDL. Linking previously generated obj files to create kernel
INFO: [USF-XSim-69] 'elaborate' step finished in '1' seconds
INFO: [USF-XSim-4] XSim::Simulate design
INFO: [USF-XSim-61] Executing 'SIMULATE' step in 'C:/Users/utilisateur/Desktop/vga/IP.sim/sim_1/behav/xsim'
INFO: [USF-XSim-98] *** Running xsim
   with args "rom_tb_behav -key {Behavioral:sim_1:Functional:rom_tb} -tclbatch {rom_tb.tcl} -view {C:/Users/utilisateur/Desktop/vga/rom_tb_behav.wcfg} -log {simulate.log}"
INFO: [USF-XSim-8] Loading simulator feature
Vivado Simulator 2020.2
Time resolution is 1 ps
open_wave_config C:/Users/utilisateur/Desktop/vga/rom_tb_behav.wcfg
source rom_tb.tcl
# set curr_wave [current_wave_config]
# if { [string length $curr_wave] == 0 } {
#   if { [llength [get_objects]] > 0} {
#     add_wave /
#     set_property needs_save false [current_wave_config]
#   } else {
#      send_msg_id Add_Wave-1 WARNING "No top level signals found. Simulator will start without a wave window. If you want to open a wave window go to 'File->New Waveform Configuration' or type 'create_wave_config' in the TCL console."
#   }
# }
# run 1000ns
INFO: [USF-XSim-96] XSim completed. Design snapshot 'rom_tb_behav' loaded.
INFO: [USF-XSim-97] XSim simulation ran for 1000ns
launch_simulation: Time (s): cpu = 00:00:07 ; elapsed = 00:00:09 . Memory (MB): peak = 1132.141 ; gain = 3.445
run 1 ms
run: Time (s): cpu = 00:00:01 ; elapsed = 00:00:07 . Memory (MB): peak = 1132.141 ; gain = 0.000
save_wave_config {C:/Users/utilisateur/Desktop/vga/rom_tb_behav.wcfg}
close_sim
INFO: [Simtcl 6-16] Simulation closed
launch_simulation
Command: launch_simulation 
INFO: [Vivado 12-5698] Checking validity of IPs in the design for the 'XSim' simulator...
INFO: [Vivado 12-5682] Launching behavioral simulation in 'C:/Users/utilisateur/Desktop/vga/IP.sim/sim_1/behav/xsim'
INFO: [Vivado 12-4795] Using compiled simulation libraries for IPs
INFO: [SIM-utils-51] Simulation object is 'sim_1'
INFO: [USF-XSim-7] Finding pre-compiled libraries...
INFO: [USF-XSim-11] File 'E:/Vivado/2020.2/data/xsim/xsim.ini' copied to run dir:'C:/Users/utilisateur/Desktop/vga/IP.sim/sim_1/behav/xsim'
INFO: [SIM-utils-54] Inspecting design source files for 'rom_tb' in fileset 'sim_1'...
INFO: [USF-XSim-97] Finding global include files...
INFO: [USF-XSim-98] Fetching design files from 'sim_1'...
INFO: [USF-XSim-2] XSim::Compile design
INFO: [USF-XSim-61] Executing 'COMPILE and ANALYZE' step in 'C:/Users/utilisateur/Desktop/vga/IP.sim/sim_1/behav/xsim'
"xvlog --incr --relax -prj rom_tb_vlog.prj"
"xvhdl --incr --relax -prj rom_tb_vhdl.prj"
INFO: [USF-XSim-69] 'compile' step finished in '2' seconds
INFO: [USF-XSim-3] XSim::Elaborate design
INFO: [USF-XSim-61] Executing 'ELABORATE' step in 'C:/Users/utilisateur/Desktop/vga/IP.sim/sim_1/behav/xsim'
"xelab -wto d953160decc64b1ab7249507b13fb0f0 --incr --debug typical --relax --mt 2 -L xil_defaultlib -L fifo_generator_v13_2_5 -L unisims_ver -L unimacro_ver -L secureip -L xpm --snapshot rom_tb_behav xil_defaultlib.rom_tb xil_defaultlib.glbl -log elaborate.log"
Vivado Simulator 2020.2
Copyright 1986-1999, 2001-2020 Xilinx, Inc. All Rights Reserved.
Running: E:/Vivado/2020.2/bin/unwrapped/win64.o/xelab.exe -wto d953160decc64b1ab7249507b13fb0f0 --incr --debug typical --relax --mt 2 -L xil_defaultlib -L fifo_generator_v13_2_5 -L unisims_ver -L unimacro_ver -L secureip -L xpm --snapshot rom_tb_behav xil_defaultlib.rom_tb xil_defaultlib.glbl -log elaborate.log 
Using 2 slave threads.
Starting static elaboration
Pass Through NonSizing Optimizer
Completed static elaboration
INFO: [XSIM 43-4323] No Change in HDL. Linking previously generated obj files to create kernel
INFO: [USF-XSim-69] 'elaborate' step finished in '2' seconds
INFO: [USF-XSim-4] XSim::Simulate design
INFO: [USF-XSim-61] Executing 'SIMULATE' step in 'C:/Users/utilisateur/Desktop/vga/IP.sim/sim_1/behav/xsim'
INFO: [USF-XSim-98] *** Running xsim
   with args "rom_tb_behav -key {Behavioral:sim_1:Functional:rom_tb} -tclbatch {rom_tb.tcl} -view {C:/Users/utilisateur/Desktop/vga/rom_tb_behav.wcfg} -log {simulate.log}"
INFO: [USF-XSim-8] Loading simulator feature
Vivado Simulator 2020.2
Time resolution is 1 ps
open_wave_config C:/Users/utilisateur/Desktop/vga/rom_tb_behav.wcfg
source rom_tb.tcl
# set curr_wave [current_wave_config]
# if { [string length $curr_wave] == 0 } {
#   if { [llength [get_objects]] > 0} {
#     add_wave /
#     set_property needs_save false [current_wave_config]
#   } else {
#      send_msg_id Add_Wave-1 WARNING "No top level signals found. Simulator will start without a wave window. If you want to open a wave window go to 'File->New Waveform Configuration' or type 'create_wave_config' in the TCL console."
#   }
# }
# run 1000ns
INFO: [USF-XSim-96] XSim completed. Design snapshot 'rom_tb_behav' loaded.
INFO: [USF-XSim-97] XSim simulation ran for 1000ns
launch_simulation: Time (s): cpu = 00:00:05 ; elapsed = 00:00:09 . Memory (MB): peak = 1139.238 ; gain = 4.699
run 1 ms
run: Time (s): cpu = 00:00:01 ; elapsed = 00:00:07 . Memory (MB): peak = 1139.238 ; gain = 0.000
restart
INFO: [Simtcl 6-17] Simulation restarted
run 500 us
run 1 ms
run: Time (s): cpu = 00:00:00 ; elapsed = 00:00:08 . Memory (MB): peak = 1288.367 ; gain = 0.000
run 1 ms
run: Time (s): cpu = 00:00:00 ; elapsed = 00:00:08 . Memory (MB): peak = 1288.367 ; gain = 0.000
run 100 ms
INFO: [Common 17-41] Interrupt caught. Command should exit soon.
run: Time (s): cpu = 00:00:00 ; elapsed = 00:00:05 . Memory (MB): peak = 1288.367 ; gain = 0.000
INFO: [Common 17-344] 'run' was cancelled
run 1 ms
run: Time (s): cpu = 00:00:01 ; elapsed = 00:00:07 . Memory (MB): peak = 1288.367 ; gain = 0.000
save_wave_config {C:/Users/utilisateur/Desktop/vga/rom_tb_behav.wcfg}
close_sim
INFO: [Simtcl 6-16] Simulation closed
launch_simulation
Command: launch_simulation 
INFO: [Vivado 12-5698] Checking validity of IPs in the design for the 'XSim' simulator...
INFO: [Vivado 12-5682] Launching behavioral simulation in 'C:/Users/utilisateur/Desktop/vga/IP.sim/sim_1/behav/xsim'
INFO: [Vivado 12-4795] Using compiled simulation libraries for IPs
INFO: [SIM-utils-51] Simulation object is 'sim_1'
INFO: [USF-XSim-7] Finding pre-compiled libraries...
INFO: [USF-XSim-11] File 'E:/Vivado/2020.2/data/xsim/xsim.ini' copied to run dir:'C:/Users/utilisateur/Desktop/vga/IP.sim/sim_1/behav/xsim'
INFO: [SIM-utils-54] Inspecting design source files for 'rom_tb' in fileset 'sim_1'...
INFO: [USF-XSim-97] Finding global include files...
INFO: [USF-XSim-98] Fetching design files from 'sim_1'...
INFO: [USF-XSim-2] XSim::Compile design
INFO: [USF-XSim-61] Executing 'COMPILE and ANALYZE' step in 'C:/Users/utilisateur/Desktop/vga/IP.sim/sim_1/behav/xsim'
"xvlog --incr --relax -prj rom_tb_vlog.prj"
"xvhdl --incr --relax -prj rom_tb_vhdl.prj"
INFO: [USF-XSim-69] 'compile' step finished in '2' seconds
INFO: [USF-XSim-3] XSim::Elaborate design
INFO: [USF-XSim-61] Executing 'ELABORATE' step in 'C:/Users/utilisateur/Desktop/vga/IP.sim/sim_1/behav/xsim'
"xelab -wto d953160decc64b1ab7249507b13fb0f0 --incr --debug typical --relax --mt 2 -L xil_defaultlib -L fifo_generator_v13_2_5 -L unisims_ver -L unimacro_ver -L secureip -L xpm --snapshot rom_tb_behav xil_defaultlib.rom_tb xil_defaultlib.glbl -log elaborate.log"
Vivado Simulator 2020.2
Copyright 1986-1999, 2001-2020 Xilinx, Inc. All Rights Reserved.
Running: E:/Vivado/2020.2/bin/unwrapped/win64.o/xelab.exe -wto d953160decc64b1ab7249507b13fb0f0 --incr --debug typical --relax --mt 2 -L xil_defaultlib -L fifo_generator_v13_2_5 -L unisims_ver -L unimacro_ver -L secureip -L xpm --snapshot rom_tb_behav xil_defaultlib.rom_tb xil_defaultlib.glbl -log elaborate.log 
Using 2 slave threads.
Starting static elaboration
Pass Through NonSizing Optimizer
Completed static elaboration
INFO: [XSIM 43-4323] No Change in HDL. Linking previously generated obj files to create kernel
INFO: [USF-XSim-69] 'elaborate' step finished in '2' seconds
INFO: [USF-XSim-4] XSim::Simulate design
INFO: [USF-XSim-61] Executing 'SIMULATE' step in 'C:/Users/utilisateur/Desktop/vga/IP.sim/sim_1/behav/xsim'
INFO: [USF-XSim-98] *** Running xsim
   with args "rom_tb_behav -key {Behavioral:sim_1:Functional:rom_tb} -tclbatch {rom_tb.tcl} -view {C:/Users/utilisateur/Desktop/vga/rom_tb_behav.wcfg} -log {simulate.log}"
INFO: [USF-XSim-8] Loading simulator feature
Vivado Simulator 2020.2
Time resolution is 1 ps
open_wave_config C:/Users/utilisateur/Desktop/vga/rom_tb_behav.wcfg
source rom_tb.tcl
# set curr_wave [current_wave_config]
# if { [string length $curr_wave] == 0 } {
#   if { [llength [get_objects]] > 0} {
#     add_wave /
#     set_property needs_save false [current_wave_config]
#   } else {
#      send_msg_id Add_Wave-1 WARNING "No top level signals found. Simulator will start without a wave window. If you want to open a wave window go to 'File->New Waveform Configuration' or type 'create_wave_config' in the TCL console."
#   }
# }
# run 1000ns
INFO: [USF-XSim-96] XSim completed. Design snapshot 'rom_tb_behav' loaded.
INFO: [USF-XSim-97] XSim simulation ran for 1000ns
launch_simulation: Time (s): cpu = 00:00:05 ; elapsed = 00:00:09 . Memory (MB): peak = 1291.035 ; gain = 0.000
run 3 ms
run: Time (s): cpu = 00:00:05 ; elapsed = 00:00:25 . Memory (MB): peak = 1291.035 ; gain = 0.000
run 500 ns
run 500 us
open_run synth_1 -name synth_1
Design is defaulting to impl run constrset: constrs_1
Design is defaulting to synth run part: xc7z010clg400-1
INFO: [Device 21-403] Loading part xc7z010clg400-1
INFO: [Project 1-454] Reading design checkpoint 'c:/Users/utilisateur/Desktop/vga/IP/IP.gen/sources_1/ip/clk_wiz_0/clk_wiz_0.dcp' for cell 'clk_div_inst'
INFO: [Project 1-454] Reading design checkpoint 'c:/Users/utilisateur/Desktop/vga/IP/IP.gen/sources_1/ip/fifo_generator_0/fifo_generator_0.dcp' for cell 'gaussian/window_3_3/tap01'
Netlist sorting complete. Time (s): cpu = 00:00:00 ; elapsed = 00:00:00.022 . Memory (MB): peak = 1595.254 ; gain = 0.000
INFO: [Netlist 29-17] Analyzing 125 Unisim elements for replacement
INFO: [Netlist 29-28] Unisim Transformation completed in 0 CPU seconds
INFO: [Project 1-479] Netlist was created with Vivado 2020.2
INFO: [Project 1-570] Preparing netlist for logic optimization
Parsing XDC File [c:/Users/utilisateur/Desktop/vga/IP/IP.gen/sources_1/ip/clk_wiz_0/clk_wiz_0_board.xdc] for cell 'clk_div_inst/inst'
Finished Parsing XDC File [c:/Users/utilisateur/Desktop/vga/IP/IP.gen/sources_1/ip/clk_wiz_0/clk_wiz_0_board.xdc] for cell 'clk_div_inst/inst'
Parsing XDC File [c:/Users/utilisateur/Desktop/vga/IP/IP.gen/sources_1/ip/clk_wiz_0/clk_wiz_0.xdc] for cell 'clk_div_inst/inst'
INFO: [Timing 38-35] Done setting XDC timing constraints. [c:/Users/utilisateur/Desktop/vga/IP/IP.gen/sources_1/ip/clk_wiz_0/clk_wiz_0.xdc:57]
INFO: [Timing 38-2] Deriving generated clocks [c:/Users/utilisateur/Desktop/vga/IP/IP.gen/sources_1/ip/clk_wiz_0/clk_wiz_0.xdc:57]
Finished Parsing XDC File [c:/Users/utilisateur/Desktop/vga/IP/IP.gen/sources_1/ip/clk_wiz_0/clk_wiz_0.xdc] for cell 'clk_div_inst/inst'
Parsing XDC File [c:/Users/utilisateur/Desktop/vga/IP/IP.gen/sources_1/ip/fifo_generator_0/fifo_generator_0.xdc] for cell 'gaussian/window_3_3/tap01/U0'
Finished Parsing XDC File [c:/Users/utilisateur/Desktop/vga/IP/IP.gen/sources_1/ip/fifo_generator_0/fifo_generator_0.xdc] for cell 'gaussian/window_3_3/tap01/U0'
Parsing XDC File [c:/Users/utilisateur/Desktop/vga/IP/IP.gen/sources_1/ip/fifo_generator_0/fifo_generator_0.xdc] for cell 'gaussian/window_3_3/tap02/U0'
Finished Parsing XDC File [c:/Users/utilisateur/Desktop/vga/IP/IP.gen/sources_1/ip/fifo_generator_0/fifo_generator_0.xdc] for cell 'gaussian/window_3_3/tap02/U0'
Parsing XDC File [C:/Users/utilisateur/Desktop/vga/Cora-Z7-10-Master.xdc]
Finished Parsing XDC File [C:/Users/utilisateur/Desktop/vga/Cora-Z7-10-Master.xdc]
INFO: [Opt 31-138] Pushed 0 inverter(s) to 0 load pin(s).
Netlist sorting complete. Time (s): cpu = 00:00:00 ; elapsed = 00:00:00 . Memory (MB): peak = 2271.031 ; gain = 0.000
INFO: [Project 1-111] Unisim Transformation Summary:
No Unisim elements were transformed.

open_run: Time (s): cpu = 00:00:25 ; elapsed = 00:00:29 . Memory (MB): peak = 2284.621 ; gain = 992.711
create_debug_core u_ila_0 ila
set_property C_DATA_DEPTH 1024 [get_debug_cores u_ila_0]
set_property C_TRIGIN_EN false [get_debug_cores u_ila_0]
set_property C_TRIGOUT_EN false [get_debug_cores u_ila_0]
set_property C_ADV_TRIGGER false [get_debug_cores u_ila_0]
set_property C_INPUT_PIPE_STAGES 0 [get_debug_cores u_ila_0]
set_property C_EN_STRG_QUAL false [get_debug_cores u_ila_0]
set_property ALL_PROBE_SAME_MU true [get_debug_cores u_ila_0]
set_property ALL_PROBE_SAME_MU_CNT 1 [get_debug_cores u_ila_0]
connect_debug_port u_ila_0/clk [get_nets [list clk_div_inst/inst/clk_out1 ]]
set_property port_width 4 [get_debug_ports u_ila_0/probe0]
set_property PROBE_TYPE DATA_AND_TRIGGER [get_debug_ports u_ila_0/probe0]
connect_debug_port u_ila_0/probe0 [get_nets [list {VGA/VGA_G_OBUF[0]} {VGA/VGA_G_OBUF[1]} {VGA/VGA_G_OBUF[2]} {VGA/VGA_G_OBUF[3]} ]]
create_debug_port u_ila_0 probe
set_property port_width 12 [get_debug_ports u_ila_0/probe1]
set_property PROBE_TYPE DATA_AND_TRIGGER [get_debug_ports u_ila_0/probe1]
connect_debug_port u_ila_0/probe1 [get_nets [list {VGA/h_cntr_reg_reg[0]} {VGA/h_cntr_reg_reg[1]} {VGA/h_cntr_reg_reg[2]} {VGA/h_cntr_reg_reg[3]} {VGA/h_cntr_reg_reg[4]} {VGA/h_cntr_reg_reg[5]} {VGA/h_cntr_reg_reg[6]} {VGA/h_cntr_reg_reg[7]} {VGA/h_cntr_reg_reg[8]} {VGA/h_cntr_reg_reg[9]} {VGA/h_cntr_reg_reg[10]} {VGA/h_cntr_reg_reg[11]} ]]
create_debug_port u_ila_0 probe
set_property port_width 12 [get_debug_ports u_ila_0/probe2]
set_property PROBE_TYPE DATA_AND_TRIGGER [get_debug_ports u_ila_0/probe2]
connect_debug_port u_ila_0/probe2 [get_nets [list {VGA/v_cntr_reg_reg[0]} {VGA/v_cntr_reg_reg[1]} {VGA/v_cntr_reg_reg[2]} {VGA/v_cntr_reg_reg[3]} {VGA/v_cntr_reg_reg[4]} {VGA/v_cntr_reg_reg[5]} {VGA/v_cntr_reg_reg[6]} {VGA/v_cntr_reg_reg[7]} {VGA/v_cntr_reg_reg[8]} {VGA/v_cntr_reg_reg[9]} {VGA/v_cntr_reg_reg[10]} {VGA/v_cntr_reg_reg[11]} ]]
set_property target_constrs_file C:/Users/utilisateur/Desktop/vga/Cora-Z7-10-Master.xdc [current_fileset -constrset]
save_constraints -force
reset_run synth_1
WARNING: [Vivado 12-1017] Problems encountered:
1. Failed to delete one or more files in run directory C:/Users/utilisateur/Desktop/vga/IP.runs/synth_1

launch_runs synth_1 -jobs 4
[Tue Jul  4 11:30:43 2023] Launched synth_1...
Run output will be captured here: C:/Users/utilisateur/Desktop/vga/IP.runs/synth_1/runme.log
launch_runs impl_1 -jobs 4
WARNING: [Project 1-478] Design 'synth_1' is stale and will not be used when launching 'impl_1'
[Tue Jul  4 11:31:37 2023] Launched impl_1...
Run output will be captured here: C:/Users/utilisateur/Desktop/vga/IP.runs/impl_1/runme.log
launch_runs impl_1 -to_step write_bitstream -jobs 4
[Tue Jul  4 11:35:36 2023] Launched impl_1...
Run output will be captured here: C:/Users/utilisateur/Desktop/vga/IP.runs/impl_1/runme.log
open_hw_manager
connect_hw_server -allow_non_jtag
INFO: [Labtools 27-2285] Connecting to hw_server url TCP:localhost:3121
INFO: [Labtools 27-2222] Launching hw_server...
INFO: [Labtools 27-2221] Launch Output:

****** Xilinx hw_server v2020.2
  **** Build date : Nov 18 2020 at 10:01:48
    ** Copyright 1986-2020 Xilinx, Inc. All Rights Reserved.


INFO: [Labtools 27-3415] Connecting to cs_server url TCP:localhost:3042
INFO: [Labtools 27-3417] Launching cs_server...
INFO: [Labtools 27-2221] Launch Output:


******** Xilinx cs_server v2020.2
  ****** Build date   : Nov 03 2020-22:02:56
    **** Build number : 2020.2.1604437376
      ** Copyright 2017-2020 Xilinx, Inc. All Rights Reserved.



connect_hw_server: Time (s): cpu = 00:00:00 ; elapsed = 00:00:08 . Memory (MB): peak = 2302.359 ; gain = 0.000
open_hw_target
INFO: [Labtoolstcl 44-466] Opening hw_target localhost:3121/xilinx_tcf/Digilent/210370AD5281A
open_hw_target: Time (s): cpu = 00:00:05 ; elapsed = 00:00:08 . Memory (MB): peak = 3812.129 ; gain = 1509.770
set_property PROGRAM.FILE {C:/Users/utilisateur/Desktop/vga/IP.runs/impl_1/image_process.bit} [get_hw_devices xc7z010_1]
set_property PROBES.FILE {C:/Users/utilisateur/Desktop/vga/IP.runs/impl_1/image_process.ltx} [get_hw_devices xc7z010_1]
set_property FULL_PROBES.FILE {C:/Users/utilisateur/Desktop/vga/IP.runs/impl_1/image_process.ltx} [get_hw_devices xc7z010_1]
current_hw_device [get_hw_devices xc7z010_1]
refresh_hw_device [lindex [get_hw_devices xc7z010_1] 0]
INFO: [Labtools 27-1435] Device xc7z010 (JTAG device index = 1) is not programmed (DONE status = 0).
set_property PROBES.FILE {C:/Users/utilisateur/Desktop/vga/IP.runs/impl_1/image_process.ltx} [get_hw_devices xc7z010_1]
set_property FULL_PROBES.FILE {C:/Users/utilisateur/Desktop/vga/IP.runs/impl_1/image_process.ltx} [get_hw_devices xc7z010_1]
set_property PROGRAM.FILE {C:/Users/utilisateur/Desktop/vga/IP.runs/impl_1/image_process.bit} [get_hw_devices xc7z010_1]
program_hw_devices [get_hw_devices xc7z010_1]
INFO: [Labtools 27-3164] End of startup status: HIGH
refresh_hw_device [lindex [get_hw_devices xc7z010_1] 0]
INFO: [Labtools 27-2302] Device xc7z010 (JTAG device index = 1) is programmed with a design that has 1 ILA core(s).
display_hw_ila_data [ get_hw_ila_data hw_ila_data_1 -of_objects [get_hw_ilas -of_objects [get_hw_devices xc7z010_1] -filter {CELL_NAME=~"u_ila_0"}]]
set_property TRIGGER_COMPARE_VALUE eq12'u0 [get_hw_probes VGA/h_cntr_reg_reg -of_objects [get_hw_ilas -of_objects [get_hw_devices xc7z010_1] -filter {CELL_NAME=~"u_ila_0"}]]
set_property TRIGGER_COMPARE_VALUE eq12'u0 [get_hw_probes VGA/v_cntr_reg_reg -of_objects [get_hw_ilas -of_objects [get_hw_devices xc7z010_1] -filter {CELL_NAME=~"u_ila_0"}]]
set_property TRIGGER_COMPARE_VALUE eq4'u0 [get_hw_probes VGA/VGA_G_OBUF -of_objects [get_hw_ilas -of_objects [get_hw_devices xc7z010_1] -filter {CELL_NAME=~"u_ila_0"}]]
set_property TRIGGER_COMPARE_VALUE eq12'u15 [get_hw_probes VGA/h_cntr_reg_reg -of_objects [get_hw_ilas -of_objects [get_hw_devices xc7z010_1] -filter {CELL_NAME=~"u_ila_0"}]]
run_hw_ila [get_hw_ilas -of_objects [get_hw_devices xc7z010_1] -filter {CELL_NAME=~"u_ila_0"}]
INFO: [Labtools 27-1964] The ILA core 'hw_ila_1' trigger was armed at 2023-Jul-04 11:40:53
wait_on_hw_ila -timeout 0 [get_hw_ilas -of_objects [get_hw_devices xc7z010_1] -filter {CELL_NAME=~"u_ila_0"}]
upload_hw_ila_data [get_hw_ilas -of_objects [get_hw_devices xc7z010_1] -filter {CELL_NAME=~"u_ila_0"}]
INFO: [Labtools 27-1965] The ILA core 'hw_ila_1' trigger was stopped by user at 2023-Jul-04 11:41:03
WARNING: [Labtools 27-157] hw_ila [hw_ila_1] stopped. No data to upload.
run_hw_ila [get_hw_ilas -of_objects [get_hw_devices xc7z010_1] -filter {CELL_NAME=~"u_ila_0"}] -trigger_now
INFO: [Labtools 27-1964] The ILA core 'hw_ila_1' trigger was armed at 2023-Jul-04 11:41:11
wait_on_hw_ila [get_hw_ilas -of_objects [get_hw_devices xc7z010_1] -filter {CELL_NAME=~"u_ila_0"}]
display_hw_ila_data [upload_hw_ila_data [get_hw_ilas -of_objects [get_hw_devices xc7z010_1] -filter {CELL_NAME=~"u_ila_0"}]]
INFO: [Labtools 27-1966] The ILA core 'hw_ila_1' triggered at 2023-Jul-04 11:41:11
INFO: [Labtools 27-3304] ILA Waveform data saved to file C:/Users/utilisateur/Desktop/vga/IP.hw/backup/hw_ila_data_1.ila. Use Tcl command 'read_hw_ila_data' or Vivado File->Import->Import ILA Data menu item to import the previously saved data.
run_hw_ila [get_hw_ilas -of_objects [get_hw_devices xc7z010_1] -filter {CELL_NAME=~"u_ila_0"}] -trigger_now
INFO: [Labtools 27-1964] The ILA core 'hw_ila_1' trigger was armed at 2023-Jul-04 11:43:06
wait_on_hw_ila [get_hw_ilas -of_objects [get_hw_devices xc7z010_1] -filter {CELL_NAME=~"u_ila_0"}]
display_hw_ila_data [upload_hw_ila_data [get_hw_ilas -of_objects [get_hw_devices xc7z010_1] -filter {CELL_NAME=~"u_ila_0"}]]
ERROR: [Labtools 27-3312] Data read from hw_ila [hw_ila_1] is corrupted. Unable to upload waveform.
run_hw_ila [get_hw_ilas -of_objects [get_hw_devices xc7z010_1] -filter {CELL_NAME=~"u_ila_0"}] -trigger_now
INFO: [Labtools 27-1964] The ILA core 'hw_ila_1' trigger was armed at 2023-Jul-04 11:43:08
wait_on_hw_ila [get_hw_ilas -of_objects [get_hw_devices xc7z010_1] -filter {CELL_NAME=~"u_ila_0"}]
display_hw_ila_data [upload_hw_ila_data [get_hw_ilas -of_objects [get_hw_devices xc7z010_1] -filter {CELL_NAME=~"u_ila_0"}]]
INFO: [Labtools 27-1966] The ILA core 'hw_ila_1' triggered at 2023-Jul-04 11:43:08
ERROR: [Xicom 50-38] xicom: Multiple trigger marks in window: 0, buffer index: 70.
ERROR: [Xicom 50-41] Waveform data read from ILA core is corrupted (user chain=1, slave index=0).
Resolution:
1) Ensure that the clock signal connected to the debug core and/or debug hub is clean and free-running.
2) Ensure that the clock connected to the debug core and/or debug hub meets all timing constraints.
3) Ensure that the clock connected to debug core and/or debug hub is faster than the JTAG clock frequency.
ERROR: [Xicom 50-38] xicom: Error during interpreting trace readback data
ERROR: [Labtools 27-3176] hw_server failed during internal command.
Resolution: Check that the hw_server is running and the hardware connectivity to the target
run_hw_ila [get_hw_ilas -of_objects [get_hw_devices xc7z010_1] -filter {CELL_NAME=~"u_ila_0"}] -trigger_now
INFO: [Labtools 27-1964] The ILA core 'hw_ila_1' trigger was armed at 2023-Jul-04 11:43:09
wait_on_hw_ila [get_hw_ilas -of_objects [get_hw_devices xc7z010_1] -filter {CELL_NAME=~"u_ila_0"}]
display_hw_ila_data [upload_hw_ila_data [get_hw_ilas -of_objects [get_hw_devices xc7z010_1] -filter {CELL_NAME=~"u_ila_0"}]]
INFO: [Labtools 27-1966] The ILA core 'hw_ila_1' triggered at 2023-Jul-04 11:43:09
ERROR: [Xicom 50-38] xicom: Multiple trigger marks in window: 0, buffer index: 43.
ERROR: [Xicom 50-41] Waveform data read from ILA core is corrupted (user chain=1, slave index=0).
Resolution:
1) Ensure that the clock signal connected to the debug core and/or debug hub is clean and free-running.
2) Ensure that the clock connected to the debug core and/or debug hub meets all timing constraints.
3) Ensure that the clock connected to debug core and/or debug hub is faster than the JTAG clock frequency.
ERROR: [Xicom 50-38] xicom: Error during interpreting trace readback data
ERROR: [Labtools 27-3176] hw_server failed during internal command.
Resolution: Check that the hw_server is running and the hardware connectivity to the target
run_hw_ila [get_hw_ilas -of_objects [get_hw_devices xc7z010_1] -filter {CELL_NAME=~"u_ila_0"}] -trigger_now
INFO: [Labtools 27-1964] The ILA core 'hw_ila_1' trigger was armed at 2023-Jul-04 11:43:38
wait_on_hw_ila [get_hw_ilas -of_objects [get_hw_devices xc7z010_1] -filter {CELL_NAME=~"u_ila_0"}]
display_hw_ila_data [upload_hw_ila_data [get_hw_ilas -of_objects [get_hw_devices xc7z010_1] -filter {CELL_NAME=~"u_ila_0"}]]
ERROR: [Labtools 27-3312] Data read from hw_ila [hw_ila_1] is corrupted. Unable to upload waveform.
set_property TRIGGER_COMPARE_VALUE eq12'u0 [get_hw_probes VGA/h_cntr_reg_reg -of_objects [get_hw_ilas -of_objects [get_hw_devices xc7z010_1] -filter {CELL_NAME=~"u_ila_0"}]]
set_property TRIGGER_COMPARE_VALUE eq12'u96 [get_hw_probes VGA/v_cntr_reg_reg -of_objects [get_hw_ilas -of_objects [get_hw_devices xc7z010_1] -filter {CELL_NAME=~"u_ila_0"}]]
run_hw_ila [get_hw_ilas -of_objects [get_hw_devices xc7z010_1] -filter {CELL_NAME=~"u_ila_0"}]
INFO: [Labtools 27-1964] The ILA core 'hw_ila_1' trigger was armed at 2023-Jul-04 11:47:12
wait_on_hw_ila [get_hw_ilas -of_objects [get_hw_devices xc7z010_1] -filter {CELL_NAME=~"u_ila_0"}]
display_hw_ila_data [upload_hw_ila_data [get_hw_ilas -of_objects [get_hw_devices xc7z010_1] -filter {CELL_NAME=~"u_ila_0"}]]
ERROR: [Labtools 27-3312] Data read from hw_ila [hw_ila_1] is corrupted. Unable to upload waveform.
run_hw_ila [get_hw_ilas -of_objects [get_hw_devices xc7z010_1] -filter {CELL_NAME=~"u_ila_0"}]
INFO: [Labtools 27-1964] The ILA core 'hw_ila_1' trigger was armed at 2023-Jul-04 11:47:26
wait_on_hw_ila [get_hw_ilas -of_objects [get_hw_devices xc7z010_1] -filter {CELL_NAME=~"u_ila_0"}]
display_hw_ila_data [upload_hw_ila_data [get_hw_ilas -of_objects [get_hw_devices xc7z010_1] -filter {CELL_NAME=~"u_ila_0"}]]
INFO: [Labtools 27-1966] The ILA core 'hw_ila_1' triggered at 2023-Jul-04 11:47:26
INFO: [Labtools 27-3304] ILA Waveform data saved to file C:/Users/utilisateur/Desktop/vga/IP.hw/backup/hw_ila_data_1.ila. Use Tcl command 'read_hw_ila_data' or Vivado File->Import->Import ILA Data menu item to import the previously saved data.
ERROR: [Labtoolstcl 44-513] HW Target shutdown. Closing target: localhost:3121/xilinx_tcf/Digilent/210370AD5281A
INFO: [Labtoolstcl 44-466] Opening hw_target localhost:3121/xilinx_tcf/Digilent/210370AD5281A
WARNING: [Labtoolstcl 44-129] No matching hw_ila_data was found.
INFO: [Labtools 27-1435] Device xc7z010 (JTAG device index = 1) is not programmed (DONE status = 0).
WARNING: [Labtoolstcl 44-129] No matching hw_ila_data was found.
save_wave_config {C:/Users/utilisateur/Desktop/vga/rom_tb_behav.wcfg}
close_sim
INFO: [Simtcl 6-16] Simulation closed
exit
INFO: [Common 17-206] Exiting Vivado at Tue Jul  4 12:35:09 2023...
