#-----------------------------------------------------------
# Vivado v2020.2 (64-bit)
# SW Build 3064766 on Wed Nov 18 09:12:45 MST 2020
# IP Build 3064653 on Wed Nov 18 14:17:31 MST 2020
# Start of session at: Sun Jun 11 22:20:24 2023
# Process ID: 8876
# Current directory: D:/AJC projets/TP4/TP4_LEDdriver_partie1_ok_v2
# Command line: vivado.exe -gui_launcher_event rodinguilauncherevent3572 D:\AJC projets\TP4\TP4_LEDdriver_partie1_ok_v2\LEDdriver.xpr
# Log file: D:/AJC projets/TP4/TP4_LEDdriver_partie1_ok_v2/vivado.log
# Journal file: D:/AJC projets/TP4/TP4_LEDdriver_partie1_ok_v2\vivado.jou
#-----------------------------------------------------------
start_gui
open_project {D:/AJC projets/TP4/TP4_LEDdriver_partie1_ok_v2/LEDdriver.xpr}
WARNING: [filemgmt 56-3] Default IP Output Path : Could not find the directory 'D:/AJC projets/TP4/TP4_LEDdriver_partie1_ok_v2/LEDdriver.gen/sources_1'.
Scanning sources...
Finished scanning sources
INFO: [IP_Flow 19-234] Refreshing IP repositories
INFO: [IP_Flow 19-1704] No user IP repositories specified
INFO: [IP_Flow 19-2313] Loaded Vivado IP repository 'E:/Vivado/2020.2/data/ip'.
open_project: Time (s): cpu = 00:00:17 ; elapsed = 00:00:10 . Memory (MB): peak = 1125.914 ; gain = 0.000
update_compile_order -fileset sources_1
exit
INFO: [Common 17-206] Exiting Vivado at Sun Jun 11 22:25:31 2023...
