
*** Running vivado
    with args -log tp_fsm.vdi -applog -m64 -product Vivado -messageDb vivado.pb -mode batch -source tp_fsm.tcl -notrace



****** Vivado v2020.2 (64-bit)
  **** SW Build 3064766 on Wed Nov 18 09:12:45 MST 2020
  **** IP Build 3064653 on Wed Nov 18 14:17:31 MST 2020
    ** Copyright 1986-2020 Xilinx, Inc. All Rights Reserved.

source tp_fsm.tcl -notrace
Command: open_checkpoint {C:/Users/utilisateur/Desktop/LTspice/Porte logique/CoursFPGA/TP3_FSM_ok/FMS_LED.runs/impl_1/tp_fsm.dcp}

Starting open_checkpoint Task

Time (s): cpu = 00:00:00 ; elapsed = 00:00:00.048 . Memory (MB): peak = 1123.738 ; gain = 0.000
INFO: [Device 21-403] Loading part xc7z010clg400-1
Netlist sorting complete. Time (s): cpu = 00:00:00 ; elapsed = 00:00:00.001 . Memory (MB): peak = 1123.738 ; gain = 0.000
INFO: [Netlist 29-17] Analyzing 7 Unisim elements for replacement
INFO: [Netlist 29-28] Unisim Transformation completed in 0 CPU seconds
INFO: [Project 1-479] Netlist was created with Vivado 2020.2
INFO: [Project 1-570] Preparing netlist for logic optimization
INFO: [Timing 38-478] Restoring timing data from binary archive.
INFO: [Timing 38-479] Binary timing data restore complete.
INFO: [Project 1-856] Restoring constraints from binary archive.
INFO: [Project 1-853] Binary constraint restore complete.
Reading XDEF placement.
Reading placer database...
Reading XDEF routing.
Read XDEF File: Time (s): cpu = 00:00:00 ; elapsed = 00:00:00.125 . Memory (MB): peak = 1481.910 ; gain = 0.000
Restored from archive | CPU: 0.000000 secs | Memory: 0.000000 MB |
Finished XDEF File Restore: Time (s): cpu = 00:00:00 ; elapsed = 00:00:00.125 . Memory (MB): peak = 1481.910 ; gain = 0.000
Netlist sorting complete. Time (s): cpu = 00:00:00 ; elapsed = 00:00:00 . Memory (MB): peak = 1481.910 ; gain = 0.000
INFO: [Project 1-111] Unisim Transformation Summary:
No Unisim elements were transformed.

INFO: [Project 1-604] Checkpoint was created with Vivado v2020.2 (64-bit) build 3064766
open_checkpoint: Time (s): cpu = 00:00:17 ; elapsed = 00:00:22 . Memory (MB): peak = 1481.910 ; gain = 358.172
Command: opt_design
Attempting to get a license for feature 'Implementation' and/or device 'xc7z010'
INFO: [Common 17-349] Got license for feature 'Implementation' and/or device 'xc7z010'
Running DRC as a precondition to command opt_design

Starting DRC Task
INFO: [DRC 23-27] Running DRC with 2 threads
INFO: [Project 1-461] DRC finished with 0 Errors
INFO: [Project 1-462] Please refer to the DRC report (report_drc) for more information.

Time (s): cpu = 00:00:02 ; elapsed = 00:00:01 . Memory (MB): peak = 1498.754 ; gain = 16.844

Starting Cache Timing Information Task
INFO: [Timing 38-35] Done setting XDC timing constraints.
Ending Cache Timing Information Task | Checksum: 10ef938cc

Time (s): cpu = 00:00:00 ; elapsed = 00:00:00.045 . Memory (MB): peak = 1568.559 ; gain = 69.805

Starting Logic Optimization Task

Phase 1 Retarget
INFO: [Opt 31-138] Pushed 0 inverter(s) to 0 load pin(s).
INFO: [Opt 31-49] Retargeted 0 cell(s).
Phase 1 Retarget | Checksum: 10ef938cc

Time (s): cpu = 00:00:00 ; elapsed = 00:00:00.034 . Memory (MB): peak = 1768.371 ; gain = 0.000
INFO: [Opt 31-389] Phase Retarget created 0 cells and removed 0 cells

Phase 2 Constant propagation
INFO: [Opt 31-138] Pushed 0 inverter(s) to 0 load pin(s).
Phase 2 Constant propagation | Checksum: 10ef938cc

Time (s): cpu = 00:00:00 ; elapsed = 00:00:00.035 . Memory (MB): peak = 1768.371 ; gain = 0.000
INFO: [Opt 31-389] Phase Constant propagation created 0 cells and removed 0 cells

Phase 3 Sweep
Phase 3 Sweep | Checksum: 11fd688e0

Time (s): cpu = 00:00:00 ; elapsed = 00:00:00.038 . Memory (MB): peak = 1768.371 ; gain = 0.000
INFO: [Opt 31-389] Phase Sweep created 0 cells and removed 0 cells

Phase 4 BUFG optimization
Phase 4 BUFG optimization | Checksum: 11fd688e0

Time (s): cpu = 00:00:00 ; elapsed = 00:00:00.040 . Memory (MB): peak = 1768.371 ; gain = 0.000
INFO: [Opt 31-662] Phase BUFG optimization created 0 cells of which 0 are BUFGs and removed 0 cells.

Phase 5 Shift Register Optimization
INFO: [Opt 31-1064] SRL Remap converted 0 SRLs to 0 registers and converted 0 registers of register chains to 0 SRLs
Phase 5 Shift Register Optimization | Checksum: 11fd688e0

Time (s): cpu = 00:00:00 ; elapsed = 00:00:00.041 . Memory (MB): peak = 1768.371 ; gain = 0.000
INFO: [Opt 31-389] Phase Shift Register Optimization created 0 cells and removed 0 cells

Phase 6 Post Processing Netlist
Phase 6 Post Processing Netlist | Checksum: 11fd688e0

Time (s): cpu = 00:00:00 ; elapsed = 00:00:00.042 . Memory (MB): peak = 1768.371 ; gain = 0.000
INFO: [Opt 31-389] Phase Post Processing Netlist created 0 cells and removed 0 cells
Opt_design Change Summary
=========================


-------------------------------------------------------------------------------------------------------------------------
|  Phase                        |  #Cells created  |  #Cells Removed  |  #Constrained objects preventing optimizations  |
-------------------------------------------------------------------------------------------------------------------------
|  Retarget                     |               0  |               0  |                                              0  |
|  Constant propagation         |               0  |               0  |                                              0  |
|  Sweep                        |               0  |               0  |                                              0  |
|  BUFG optimization            |               0  |               0  |                                              0  |
|  Shift Register Optimization  |               0  |               0  |                                              0  |
|  Post Processing Netlist      |               0  |               0  |                                              0  |
-------------------------------------------------------------------------------------------------------------------------



Starting Connectivity Check Task

Time (s): cpu = 00:00:00 ; elapsed = 00:00:00 . Memory (MB): peak = 1768.371 ; gain = 0.000
Ending Logic Optimization Task | Checksum: 125952b83

Time (s): cpu = 00:00:00 ; elapsed = 00:00:00.049 . Memory (MB): peak = 1768.371 ; gain = 0.000

Starting Power Optimization Task
INFO: [Pwropt 34-132] Skipping clock gating for clocks with a period < 2.00 ns.
Ending Power Optimization Task | Checksum: 125952b83

Time (s): cpu = 00:00:00 ; elapsed = 00:00:00.013 . Memory (MB): peak = 1768.371 ; gain = 0.000

Starting Final Cleanup Task
Ending Final Cleanup Task | Checksum: 125952b83

Time (s): cpu = 00:00:00 ; elapsed = 00:00:00 . Memory (MB): peak = 1768.371 ; gain = 0.000

Starting Netlist Obfuscation Task
Netlist sorting complete. Time (s): cpu = 00:00:00 ; elapsed = 00:00:00 . Memory (MB): peak = 1768.371 ; gain = 0.000
Ending Netlist Obfuscation Task | Checksum: 125952b83

Time (s): cpu = 00:00:00 ; elapsed = 00:00:00 . Memory (MB): peak = 1768.371 ; gain = 0.000
INFO: [Common 17-83] Releasing license: Implementation
28 Infos, 0 Warnings, 0 Critical Warnings and 0 Errors encountered.
opt_design completed successfully
INFO: [Timing 38-480] Writing timing data to binary archive.
Writing placer database...
Writing XDEF routing.
Writing XDEF routing logical nets.
Writing XDEF routing special nets.
Write XDEF Complete: Time (s): cpu = 00:00:00 ; elapsed = 00:00:00.045 . Memory (MB): peak = 1768.371 ; gain = 0.000
INFO: [Common 17-1381] The checkpoint 'C:/Users/utilisateur/Desktop/LTspice/Porte logique/CoursFPGA/TP3_FSM_ok/FMS_LED.runs/impl_1/tp_fsm_opt.dcp' has been generated.
INFO: [runtcl-4] Executing : report_drc -file tp_fsm_drc_opted.rpt -pb tp_fsm_drc_opted.pb -rpx tp_fsm_drc_opted.rpx
Command: report_drc -file tp_fsm_drc_opted.rpt -pb tp_fsm_drc_opted.pb -rpx tp_fsm_drc_opted.rpx
INFO: [IP_Flow 19-234] Refreshing IP repositories
INFO: [IP_Flow 19-1704] No user IP repositories specified
INFO: [IP_Flow 19-2313] Loaded Vivado IP repository 'E:/Vivado/2020.2/data/ip'.
INFO: [Timing 38-35] Done setting XDC timing constraints.
INFO: [DRC 23-27] Running DRC with 2 threads
INFO: [Coretcl 2-168] The results of DRC are in file C:/Users/utilisateur/Desktop/LTspice/Porte logique/CoursFPGA/TP3_FSM_ok/FMS_LED.runs/impl_1/tp_fsm_drc_opted.rpt.
report_drc completed successfully
Command: place_design
Attempting to get a license for feature 'Implementation' and/or device 'xc7z010'
INFO: [Common 17-349] Got license for feature 'Implementation' and/or device 'xc7z010'
INFO: [DRC 23-27] Running DRC with 2 threads
INFO: [Vivado_Tcl 4-198] DRC finished with 0 Errors
INFO: [Vivado_Tcl 4-199] Please refer to the DRC report (report_drc) for more information.
Running DRC as a precondition to command place_design
INFO: [DRC 23-27] Running DRC with 2 threads
INFO: [Vivado_Tcl 4-198] DRC finished with 0 Errors
INFO: [Vivado_Tcl 4-199] Please refer to the DRC report (report_drc) for more information.

Starting Placer Task
INFO: [Place 30-611] Multithreading enabled for place_design using a maximum of 2 CPUs

Phase 1 Placer Initialization

Phase 1.1 Placer Initialization Netlist Sorting
Netlist sorting complete. Time (s): cpu = 00:00:00 ; elapsed = 00:00:00 . Memory (MB): peak = 1816.316 ; gain = 0.000
Phase 1.1 Placer Initialization Netlist Sorting | Checksum: 7e086309

Time (s): cpu = 00:00:00 ; elapsed = 00:00:00.010 . Memory (MB): peak = 1816.316 ; gain = 0.000
Netlist sorting complete. Time (s): cpu = 00:00:00 ; elapsed = 00:00:00 . Memory (MB): peak = 1816.316 ; gain = 0.000

Phase 1.2 IO Placement/ Clock Placement/ Build Placer Device
Phase 1.2 IO Placement/ Clock Placement/ Build Placer Device | Checksum: 10c95d53c

Time (s): cpu = 00:00:00 ; elapsed = 00:00:00.142 . Memory (MB): peak = 1816.316 ; gain = 0.000

Phase 1.3 Build Placer Netlist Model
Phase 1.3 Build Placer Netlist Model | Checksum: 1196b9da7

Time (s): cpu = 00:00:00 ; elapsed = 00:00:00.233 . Memory (MB): peak = 1816.316 ; gain = 0.000

Phase 1.4 Constrain Clocks/Macros
Phase 1.4 Constrain Clocks/Macros | Checksum: 1196b9da7

Time (s): cpu = 00:00:00 ; elapsed = 00:00:00.235 . Memory (MB): peak = 1816.316 ; gain = 0.000
Phase 1 Placer Initialization | Checksum: 1196b9da7

Time (s): cpu = 00:00:00 ; elapsed = 00:00:00.236 . Memory (MB): peak = 1816.316 ; gain = 0.000

Phase 2 Global Placement

Phase 2.1 Floorplanning
Phase 2.1 Floorplanning | Checksum: 160749a82

Time (s): cpu = 00:00:00 ; elapsed = 00:00:00.325 . Memory (MB): peak = 1816.316 ; gain = 0.000

Phase 2.2 Update Timing before SLR Path Opt
Phase 2.2 Update Timing before SLR Path Opt | Checksum: 177baf557

Time (s): cpu = 00:00:00 ; elapsed = 00:00:00.371 . Memory (MB): peak = 1816.316 ; gain = 0.000

Phase 2.3 Global Placement Core

Phase 2.3.1 Physical Synthesis In Placer
INFO: [Physopt 32-1044] Break lutnm for timing: one critical 0, two critical 0, total 0, new lutff created 0
INFO: [Physopt 32-775] End 1 Pass. Optimized 0 net or cell. Created 0 new cell, deleted 0 existing cell and moved 0 existing cell
INFO: [Physopt 32-65] No nets found for high-fanout optimization.
INFO: [Physopt 32-232] Optimized 0 net. Created 0 new instance.
INFO: [Physopt 32-775] End 1 Pass. Optimized 0 net or cell. Created 0 new cell, deleted 0 existing cell and moved 0 existing cell
INFO: [Physopt 32-670] No setup violation found.  DSP Register Optimization was not performed.
INFO: [Physopt 32-670] No setup violation found.  Shift Register to Pipeline Optimization was not performed.
INFO: [Physopt 32-670] No setup violation found.  Shift Register Optimization was not performed.
INFO: [Physopt 32-670] No setup violation found.  BRAM Register Optimization was not performed.
INFO: [Physopt 32-670] No setup violation found.  URAM Register Optimization was not performed.
INFO: [Physopt 32-949] No candidate nets found for dynamic/static region interface net replication
INFO: [Physopt 32-775] End 1 Pass. Optimized 0 net or cell. Created 0 new cell, deleted 0 existing cell and moved 0 existing cell
Netlist sorting complete. Time (s): cpu = 00:00:00 ; elapsed = 00:00:00 . Memory (MB): peak = 1816.316 ; gain = 0.000

Summary of Physical Synthesis Optimizations
============================================


-----------------------------------------------------------------------------------------------------------------------------------------------------------
|  Optimization                                     |  Added Cells  |  Removed Cells  |  Optimized Cells/Nets  |  Dont Touch  |  Iterations  |  Elapsed   |
-----------------------------------------------------------------------------------------------------------------------------------------------------------
|  LUT Combining                                    |            0  |              0  |                     0  |           0  |           1  |  00:00:00  |
|  Very High Fanout                                 |            0  |              0  |                     0  |           0  |           1  |  00:00:00  |
|  DSP Register                                     |            0  |              0  |                     0  |           0  |           0  |  00:00:00  |
|  Shift Register to Pipeline                       |            0  |              0  |                     0  |           0  |           0  |  00:00:00  |
|  Shift Register                                   |            0  |              0  |                     0  |           0  |           0  |  00:00:00  |
|  BRAM Register                                    |            0  |              0  |                     0  |           0  |           0  |  00:00:00  |
|  URAM Register                                    |            0  |              0  |                     0  |           0  |           0  |  00:00:00  |
|  Dynamic/Static Region Interface Net Replication  |            0  |              0  |                     0  |           0  |           1  |  00:00:00  |
|  Total                                            |            0  |              0  |                     0  |           0  |           3  |  00:00:00  |
-----------------------------------------------------------------------------------------------------------------------------------------------------------


Phase 2.3.1 Physical Synthesis In Placer | Checksum: 206e554dc

Time (s): cpu = 00:00:01 ; elapsed = 00:00:00.960 . Memory (MB): peak = 1816.316 ; gain = 0.000
Phase 2.3 Global Placement Core | Checksum: 1d3797ed5

Time (s): cpu = 00:00:01 ; elapsed = 00:00:00.975 . Memory (MB): peak = 1816.316 ; gain = 0.000
Phase 2 Global Placement | Checksum: 1d3797ed5

Time (s): cpu = 00:00:01 ; elapsed = 00:00:00.977 . Memory (MB): peak = 1816.316 ; gain = 0.000

Phase 3 Detail Placement

Phase 3.1 Commit Multi Column Macros
Phase 3.1 Commit Multi Column Macros | Checksum: 139b4a7ac

Time (s): cpu = 00:00:02 ; elapsed = 00:00:01 . Memory (MB): peak = 1816.316 ; gain = 0.000

Phase 3.2 Commit Most Macros & LUTRAMs
Phase 3.2 Commit Most Macros & LUTRAMs | Checksum: 20de3db1d

Time (s): cpu = 00:00:02 ; elapsed = 00:00:01 . Memory (MB): peak = 1816.316 ; gain = 0.000

Phase 3.3 Area Swap Optimization
Phase 3.3 Area Swap Optimization | Checksum: 1db25a258

Time (s): cpu = 00:00:02 ; elapsed = 00:00:01 . Memory (MB): peak = 1816.316 ; gain = 0.000

Phase 3.4 Pipeline Register Optimization
Phase 3.4 Pipeline Register Optimization | Checksum: 27fee1b9c

Time (s): cpu = 00:00:02 ; elapsed = 00:00:01 . Memory (MB): peak = 1816.316 ; gain = 0.000

Phase 3.5 Small Shape Detail Placement
Phase 3.5 Small Shape Detail Placement | Checksum: 1962e9ed9

Time (s): cpu = 00:00:02 ; elapsed = 00:00:01 . Memory (MB): peak = 1816.316 ; gain = 0.000

Phase 3.6 Re-assign LUT pins
Phase 3.6 Re-assign LUT pins | Checksum: 12fc45f02

Time (s): cpu = 00:00:02 ; elapsed = 00:00:01 . Memory (MB): peak = 1816.316 ; gain = 0.000

Phase 3.7 Pipeline Register Optimization
Phase 3.7 Pipeline Register Optimization | Checksum: 1927de846

Time (s): cpu = 00:00:02 ; elapsed = 00:00:01 . Memory (MB): peak = 1816.316 ; gain = 0.000
Phase 3 Detail Placement | Checksum: 1927de846

Time (s): cpu = 00:00:02 ; elapsed = 00:00:01 . Memory (MB): peak = 1816.316 ; gain = 0.000

Phase 4 Post Placement Optimization and Clean-Up

Phase 4.1 Post Commit Optimization
INFO: [Timing 38-35] Done setting XDC timing constraints.

Phase 4.1.1 Post Placement Optimization
Post Placement Optimization Initialization | Checksum: 1f3ab8d0d

Phase 4.1.1.1 BUFG Insertion

Starting Physical Synthesis Task

Phase 1 Physical Synthesis Initialization
INFO: [Physopt 32-721] Multithreading enabled for phys_opt_design using a maximum of 2 CPUs
INFO: [Physopt 32-619] Estimated Timing Summary | WNS=5.121 | TNS=0.000 |
Phase 1 Physical Synthesis Initialization | Checksum: 23b18bbf6

Time (s): cpu = 00:00:00 ; elapsed = 00:00:00.010 . Memory (MB): peak = 1816.316 ; gain = 0.000
INFO: [Place 46-56] BUFG insertion identified 0 candidate nets. Inserted BUFG: 0, Replicated BUFG Driver: 0, Skipped due to Placement/Routing Conflicts: 0, Skipped due to Timing Degradation: 0, Skipped due to Illegal Netlist: 0.
Ending Physical Synthesis Task | Checksum: 1f29bf6fc

Time (s): cpu = 00:00:00 ; elapsed = 00:00:00.010 . Memory (MB): peak = 1816.316 ; gain = 0.000
Phase 4.1.1.1 BUFG Insertion | Checksum: 1f3ab8d0d

Time (s): cpu = 00:00:02 ; elapsed = 00:00:01 . Memory (MB): peak = 1816.316 ; gain = 0.000
INFO: [Place 30-746] Post Placement Timing Summary WNS=5.121. For the most accurate timing information please run report_timing.

Time (s): cpu = 00:00:02 ; elapsed = 00:00:01 . Memory (MB): peak = 1816.316 ; gain = 0.000
Phase 4.1 Post Commit Optimization | Checksum: 1660708a4

Time (s): cpu = 00:00:02 ; elapsed = 00:00:01 . Memory (MB): peak = 1816.316 ; gain = 0.000

Phase 4.2 Post Placement Cleanup
Phase 4.2 Post Placement Cleanup | Checksum: 1660708a4

Time (s): cpu = 00:00:02 ; elapsed = 00:00:01 . Memory (MB): peak = 1816.316 ; gain = 0.000

Phase 4.3 Placer Reporting

Phase 4.3.1 Print Estimated Congestion
INFO: [Place 30-612] Post-Placement Estimated Congestion 
 ____________________________________________________
|           | Global Congestion | Short Congestion  |
| Direction | Region Size       | Region Size       |
|___________|___________________|___________________|
|      North|                1x1|                1x1|
|___________|___________________|___________________|
|      South|                1x1|                1x1|
|___________|___________________|___________________|
|       East|                1x1|                1x1|
|___________|___________________|___________________|
|       West|                1x1|                1x1|
|___________|___________________|___________________|

Phase 4.3.1 Print Estimated Congestion | Checksum: 1660708a4

Time (s): cpu = 00:00:02 ; elapsed = 00:00:01 . Memory (MB): peak = 1816.316 ; gain = 0.000
Phase 4.3 Placer Reporting | Checksum: 1660708a4

Time (s): cpu = 00:00:02 ; elapsed = 00:00:01 . Memory (MB): peak = 1816.316 ; gain = 0.000

Phase 4.4 Final Placement Cleanup
Netlist sorting complete. Time (s): cpu = 00:00:00 ; elapsed = 00:00:00 . Memory (MB): peak = 1816.316 ; gain = 0.000

Time (s): cpu = 00:00:02 ; elapsed = 00:00:01 . Memory (MB): peak = 1816.316 ; gain = 0.000
Phase 4 Post Placement Optimization and Clean-Up | Checksum: b6c452e9

Time (s): cpu = 00:00:02 ; elapsed = 00:00:01 . Memory (MB): peak = 1816.316 ; gain = 0.000
Ending Placer Task | Checksum: 9bcc78c7

Time (s): cpu = 00:00:02 ; elapsed = 00:00:01 . Memory (MB): peak = 1816.316 ; gain = 0.000
INFO: [Common 17-83] Releasing license: Implementation
64 Infos, 0 Warnings, 0 Critical Warnings and 0 Errors encountered.
place_design completed successfully
INFO: [Timing 38-480] Writing timing data to binary archive.
Writing placer database...
Writing XDEF routing.
Writing XDEF routing logical nets.
Writing XDEF routing special nets.
Write XDEF Complete: Time (s): cpu = 00:00:00 ; elapsed = 00:00:00.048 . Memory (MB): peak = 1816.316 ; gain = 0.000
INFO: [Common 17-1381] The checkpoint 'C:/Users/utilisateur/Desktop/LTspice/Porte logique/CoursFPGA/TP3_FSM_ok/FMS_LED.runs/impl_1/tp_fsm_placed.dcp' has been generated.
INFO: [runtcl-4] Executing : report_io -file tp_fsm_io_placed.rpt
report_io: Time (s): cpu = 00:00:00 ; elapsed = 00:00:00.034 . Memory (MB): peak = 1816.316 ; gain = 0.000
INFO: [runtcl-4] Executing : report_utilization -file tp_fsm_utilization_placed.rpt -pb tp_fsm_utilization_placed.pb
INFO: [runtcl-4] Executing : report_control_sets -verbose -file tp_fsm_control_sets_placed.rpt
report_control_sets: Time (s): cpu = 00:00:00 ; elapsed = 00:00:00.001 . Memory (MB): peak = 1816.316 ; gain = 0.000
Command: phys_opt_design
Attempting to get a license for feature 'Implementation' and/or device 'xc7z010'
INFO: [Common 17-349] Got license for feature 'Implementation' and/or device 'xc7z010'
INFO: [Vivado_Tcl 4-383] Design worst setup slack (WNS) is greater than or equal to 0.000 ns. Skipping all physical synthesis optimizations.
INFO: [Vivado_Tcl 4-232] No setup violation found. The netlist was not modified.
INFO: [Common 17-83] Releasing license: Implementation
73 Infos, 0 Warnings, 0 Critical Warnings and 0 Errors encountered.
phys_opt_design completed successfully
INFO: [Timing 38-480] Writing timing data to binary archive.
Writing placer database...
Writing XDEF routing.
Writing XDEF routing logical nets.
Writing XDEF routing special nets.
Write XDEF Complete: Time (s): cpu = 00:00:00 ; elapsed = 00:00:00.048 . Memory (MB): peak = 1816.316 ; gain = 0.000
INFO: [Common 17-1381] The checkpoint 'C:/Users/utilisateur/Desktop/LTspice/Porte logique/CoursFPGA/TP3_FSM_ok/FMS_LED.runs/impl_1/tp_fsm_physopt.dcp' has been generated.
Command: route_design
Attempting to get a license for feature 'Implementation' and/or device 'xc7z010'
INFO: [Common 17-349] Got license for feature 'Implementation' and/or device 'xc7z010'
Running DRC as a precondition to command route_design
INFO: [DRC 23-27] Running DRC with 2 threads
INFO: [Vivado_Tcl 4-198] DRC finished with 0 Errors
INFO: [Vivado_Tcl 4-199] Please refer to the DRC report (report_drc) for more information.


Starting Routing Task
INFO: [Route 35-254] Multithreading enabled for route_design using a maximum of 2 CPUs
Checksum: PlaceDB: 601f9991 ConstDB: 0 ShapeSum: 3bacdf36 RouteDB: 0

Phase 1 Build RT Design
Phase 1 Build RT Design | Checksum: 401d4ec1

Time (s): cpu = 00:00:11 ; elapsed = 00:00:10 . Memory (MB): peak = 1854.961 ; gain = 30.895
Post Restoration Checksum: NetGraph: 146e4543 NumContArr: 2baf097e Constraints: 0 Timing: 0

Phase 2 Router Initialization

Phase 2.1 Create Timer
Phase 2.1 Create Timer | Checksum: 401d4ec1

Time (s): cpu = 00:00:11 ; elapsed = 00:00:10 . Memory (MB): peak = 1854.961 ; gain = 30.895

Phase 2.2 Fix Topology Constraints
Phase 2.2 Fix Topology Constraints | Checksum: 401d4ec1

Time (s): cpu = 00:00:11 ; elapsed = 00:00:10 . Memory (MB): peak = 1860.934 ; gain = 36.867

Phase 2.3 Pre Route Cleanup
Phase 2.3 Pre Route Cleanup | Checksum: 401d4ec1

Time (s): cpu = 00:00:11 ; elapsed = 00:00:10 . Memory (MB): peak = 1860.934 ; gain = 36.867
 Number of Nodes with overlaps = 0

Phase 2.4 Update Timing
Phase 2.4 Update Timing | Checksum: 1134fe029

Time (s): cpu = 00:00:12 ; elapsed = 00:00:10 . Memory (MB): peak = 1863.793 ; gain = 39.727
INFO: [Route 35-416] Intermediate Timing Summary | WNS=5.943  | TNS=0.000  | WHS=-0.015 | THS=-0.147 |

Phase 2 Router Initialization | Checksum: 17558dd8c

Time (s): cpu = 00:00:12 ; elapsed = 00:00:10 . Memory (MB): peak = 1863.793 ; gain = 39.727

Router Utilization Summary
  Global Vertical Routing Utilization    = 0.00351914 %
  Global Horizontal Routing Utilization  = 0.000919118 %
  Routable Net Status*
  *Does not include unroutable nets such as driverless and loadless.
  Run report_route_status for detailed report.
  Number of Failed Nets               = 49
    (Failed Nets is the sum of unrouted and partially routed nets)
  Number of Unrouted Nets             = 20
  Number of Partially Routed Nets     = 29
  Number of Node Overlaps             = 18


Phase 3 Initial Routing

Phase 3.1 Global Routing
Phase 3.1 Global Routing | Checksum: 17558dd8c

Time (s): cpu = 00:00:12 ; elapsed = 00:00:10 . Memory (MB): peak = 1864.699 ; gain = 40.633
Phase 3 Initial Routing | Checksum: 19bf86772

Time (s): cpu = 00:00:12 ; elapsed = 00:00:10 . Memory (MB): peak = 1864.699 ; gain = 40.633

Phase 4 Rip-up And Reroute

Phase 4.1 Global Iteration 0
 Number of Nodes with overlaps = 2
 Number of Nodes with overlaps = 0
INFO: [Route 35-416] Intermediate Timing Summary | WNS=4.558  | TNS=0.000  | WHS=N/A    | THS=N/A    |

Phase 4.1 Global Iteration 0 | Checksum: 17a1dd86f

Time (s): cpu = 00:00:12 ; elapsed = 00:00:10 . Memory (MB): peak = 1864.699 ; gain = 40.633
Phase 4 Rip-up And Reroute | Checksum: 17a1dd86f

Time (s): cpu = 00:00:12 ; elapsed = 00:00:10 . Memory (MB): peak = 1864.699 ; gain = 40.633

Phase 5 Delay and Skew Optimization

Phase 5.1 Delay CleanUp

Phase 5.1.1 Update Timing
Phase 5.1.1 Update Timing | Checksum: 226b1c5e8

Time (s): cpu = 00:00:12 ; elapsed = 00:00:10 . Memory (MB): peak = 1864.699 ; gain = 40.633
INFO: [Route 35-416] Intermediate Timing Summary | WNS=4.711  | TNS=0.000  | WHS=N/A    | THS=N/A    |

Phase 5.1 Delay CleanUp | Checksum: 226b1c5e8

Time (s): cpu = 00:00:12 ; elapsed = 00:00:10 . Memory (MB): peak = 1864.699 ; gain = 40.633

Phase 5.2 Clock Skew Optimization
Phase 5.2 Clock Skew Optimization | Checksum: 226b1c5e8

Time (s): cpu = 00:00:12 ; elapsed = 00:00:10 . Memory (MB): peak = 1864.699 ; gain = 40.633
Phase 5 Delay and Skew Optimization | Checksum: 226b1c5e8

Time (s): cpu = 00:00:12 ; elapsed = 00:00:10 . Memory (MB): peak = 1864.699 ; gain = 40.633

Phase 6 Post Hold Fix

Phase 6.1 Hold Fix Iter

Phase 6.1.1 Update Timing
Phase 6.1.1 Update Timing | Checksum: 1ec8c8a51

Time (s): cpu = 00:00:12 ; elapsed = 00:00:11 . Memory (MB): peak = 1864.699 ; gain = 40.633
INFO: [Route 35-416] Intermediate Timing Summary | WNS=4.711  | TNS=0.000  | WHS=0.299  | THS=0.000  |

Phase 6.1 Hold Fix Iter | Checksum: 17ee08b68

Time (s): cpu = 00:00:12 ; elapsed = 00:00:11 . Memory (MB): peak = 1864.699 ; gain = 40.633
Phase 6 Post Hold Fix | Checksum: 17ee08b68

Time (s): cpu = 00:00:12 ; elapsed = 00:00:11 . Memory (MB): peak = 1864.699 ; gain = 40.633

Phase 7 Route finalize

Router Utilization Summary
  Global Vertical Routing Utilization    = 0.018018 %
  Global Horizontal Routing Utilization  = 0.00804228 %
  Routable Net Status*
  *Does not include unroutable nets such as driverless and loadless.
  Run report_route_status for detailed report.
  Number of Failed Nets               = 0
    (Failed Nets is the sum of unrouted and partially routed nets)
  Number of Unrouted Nets             = 0
  Number of Partially Routed Nets     = 0
  Number of Node Overlaps             = 0

Phase 7 Route finalize | Checksum: 13b4f7ac6

Time (s): cpu = 00:00:12 ; elapsed = 00:00:11 . Memory (MB): peak = 1864.699 ; gain = 40.633

Phase 8 Verifying routed nets

 Verification completed successfully
Phase 8 Verifying routed nets | Checksum: 13b4f7ac6

Time (s): cpu = 00:00:12 ; elapsed = 00:00:11 . Memory (MB): peak = 1865.676 ; gain = 41.609

Phase 9 Depositing Routes
Phase 9 Depositing Routes | Checksum: 19af0dcea

Time (s): cpu = 00:00:12 ; elapsed = 00:00:11 . Memory (MB): peak = 1865.676 ; gain = 41.609

Phase 10 Post Router Timing
INFO: [Route 35-57] Estimated Timing Summary | WNS=4.711  | TNS=0.000  | WHS=0.299  | THS=0.000  |

INFO: [Route 35-327] The final timing numbers are based on the router estimated timing analysis. For a complete and accurate timing signoff, please run report_timing_summary.
Phase 10 Post Router Timing | Checksum: 19af0dcea

Time (s): cpu = 00:00:12 ; elapsed = 00:00:11 . Memory (MB): peak = 1865.676 ; gain = 41.609
INFO: [Route 35-16] Router Completed Successfully

Time (s): cpu = 00:00:12 ; elapsed = 00:00:11 . Memory (MB): peak = 1865.676 ; gain = 41.609

Routing Is Done.
INFO: [Common 17-83] Releasing license: Implementation
88 Infos, 0 Warnings, 0 Critical Warnings and 0 Errors encountered.
route_design completed successfully
route_design: Time (s): cpu = 00:00:13 ; elapsed = 00:00:11 . Memory (MB): peak = 1865.676 ; gain = 49.359
INFO: [Timing 38-480] Writing timing data to binary archive.
Writing placer database...
Writing XDEF routing.
Writing XDEF routing logical nets.
Writing XDEF routing special nets.
Write XDEF Complete: Time (s): cpu = 00:00:00 ; elapsed = 00:00:00.049 . Memory (MB): peak = 1875.586 ; gain = 9.910
INFO: [Common 17-1381] The checkpoint 'C:/Users/utilisateur/Desktop/LTspice/Porte logique/CoursFPGA/TP3_FSM_ok/FMS_LED.runs/impl_1/tp_fsm_routed.dcp' has been generated.
INFO: [runtcl-4] Executing : report_drc -file tp_fsm_drc_routed.rpt -pb tp_fsm_drc_routed.pb -rpx tp_fsm_drc_routed.rpx
Command: report_drc -file tp_fsm_drc_routed.rpt -pb tp_fsm_drc_routed.pb -rpx tp_fsm_drc_routed.rpx
INFO: [IP_Flow 19-1839] IP Catalog is up to date.
INFO: [DRC 23-27] Running DRC with 2 threads
INFO: [Coretcl 2-168] The results of DRC are in file C:/Users/utilisateur/Desktop/LTspice/Porte logique/CoursFPGA/TP3_FSM_ok/FMS_LED.runs/impl_1/tp_fsm_drc_routed.rpt.
report_drc completed successfully
INFO: [runtcl-4] Executing : report_methodology -file tp_fsm_methodology_drc_routed.rpt -pb tp_fsm_methodology_drc_routed.pb -rpx tp_fsm_methodology_drc_routed.rpx
Command: report_methodology -file tp_fsm_methodology_drc_routed.rpt -pb tp_fsm_methodology_drc_routed.pb -rpx tp_fsm_methodology_drc_routed.rpx
INFO: [Timing 38-35] Done setting XDC timing constraints.
INFO: [DRC 23-133] Running Methodology with 2 threads
INFO: [Coretcl 2-1520] The results of Report Methodology are in file C:/Users/utilisateur/Desktop/LTspice/Porte logique/CoursFPGA/TP3_FSM_ok/FMS_LED.runs/impl_1/tp_fsm_methodology_drc_routed.rpt.
report_methodology completed successfully
INFO: [runtcl-4] Executing : report_power -file tp_fsm_power_routed.rpt -pb tp_fsm_power_summary_routed.pb -rpx tp_fsm_power_routed.rpx
Command: report_power -file tp_fsm_power_routed.rpt -pb tp_fsm_power_summary_routed.pb -rpx tp_fsm_power_routed.rpx
INFO: [Timing 38-35] Done setting XDC timing constraints.
Running Vector-less Activity Propagation...

Finished Running Vector-less Activity Propagation
100 Infos, 0 Warnings, 0 Critical Warnings and 0 Errors encountered.
report_power completed successfully
INFO: [runtcl-4] Executing : report_route_status -file tp_fsm_route_status.rpt -pb tp_fsm_route_status.pb
INFO: [runtcl-4] Executing : report_timing_summary -max_paths 10 -file tp_fsm_timing_summary_routed.rpt -pb tp_fsm_timing_summary_routed.pb -rpx tp_fsm_timing_summary_routed.rpx -warn_on_violation 
INFO: [Timing 38-91] UpdateTimingParams: Speed grade: -1, Delay Type: min_max.
INFO: [Timing 38-191] Multithreading enabled for timing update using a maximum of 2 CPUs
INFO: [runtcl-4] Executing : report_incremental_reuse -file tp_fsm_incremental_reuse_routed.rpt
INFO: [Vivado_Tcl 4-1062] Incremental flow is disabled. No incremental reuse Info to report.
INFO: [runtcl-4] Executing : report_clock_utilization -file tp_fsm_clock_utilization_routed.rpt
INFO: [runtcl-4] Executing : report_bus_skew -warn_on_violation -file tp_fsm_bus_skew_routed.rpt -pb tp_fsm_bus_skew_routed.pb -rpx tp_fsm_bus_skew_routed.rpx
INFO: [Timing 38-91] UpdateTimingParams: Speed grade: -1, Delay Type: min_max.
INFO: [Timing 38-191] Multithreading enabled for timing update using a maximum of 2 CPUs
INFO: [Common 17-206] Exiting Vivado at Fri Jun  9 00:25:25 2023...
