#-----------------------------------------------------------
# Vivado v2020.2 (64-bit)
# SW Build 3064766 on Wed Nov 18 09:12:45 MST 2020
# IP Build 3064653 on Wed Nov 18 14:17:31 MST 2020
# Start of session at: Tue Jun  6 22:43:23 2023
# Process ID: 15836
# Current directory: D:/AJC projets/TP3_FSM
# Command line: vivado.exe -gui_launcher_event rodinguilauncherevent14300 D:\AJC projets\TP3_FSM\FMS_LED.xpr
# Log file: D:/AJC projets/TP3_FSM/vivado.log
# Journal file: D:/AJC projets/TP3_FSM\vivado.jou
#-----------------------------------------------------------
start_gui
open_project {D:/AJC projets/TP3_FSM/FMS_LED.xpr}
WARNING: [filemgmt 56-3] Default IP Output Path : Could not find the directory 'D:/AJC projets/TP3_FSM/FMS_LED.gen/sources_1'.
Scanning sources...
Finished scanning sources
INFO: [IP_Flow 19-234] Refreshing IP repositories
INFO: [IP_Flow 19-1704] No user IP repositories specified
INFO: [IP_Flow 19-2313] Loaded Vivado IP repository 'E:/Vivado/2020.2/data/ip'.
open_project: Time (s): cpu = 00:00:15 ; elapsed = 00:00:06 . Memory (MB): peak = 1145.188 ; gain = 0.000
update_compile_order -fileset sources_1
launch_simulation
Command: launch_simulation 
INFO: [Vivado 12-5682] Launching behavioral simulation in 'D:/AJC projets/TP3_FSM/FMS_LED.sim/sim_1/behav/xsim'
INFO: [SIM-utils-51] Simulation object is 'sim_1'
INFO: [SIM-utils-54] Inspecting design source files for 'tb_tp_fsm' in fileset 'sim_1'...
INFO: [USF-XSim-97] Finding global include files...
INFO: [USF-XSim-98] Fetching design files from 'sim_1'...
INFO: [USF-XSim-2] XSim::Compile design
INFO: [USF-XSim-61] Executing 'COMPILE and ANALYZE' step in 'D:/AJC projets/TP3_FSM/FMS_LED.sim/sim_1/behav/xsim'
"xvhdl --incr --relax -prj tb_tp_fsm_vhdl.prj"
INFO: [VRFC 10-163] Analyzing VHDL file "D:/AJC projets/TP3_FSM/tp_fsm.vhd" into library xil_defaultlib
INFO: [VRFC 10-3107] analyzing entity 'tp_fsm'
INFO: [USF-XSim-69] 'compile' step finished in '1' seconds
INFO: [USF-XSim-3] XSim::Elaborate design
INFO: [USF-XSim-61] Executing 'ELABORATE' step in 'D:/AJC projets/TP3_FSM/FMS_LED.sim/sim_1/behav/xsim'
"xelab -wto 41c3b678fcbc49f7bd981d8d95da07a0 --incr --debug typical --relax --mt 2 -L xil_defaultlib -L secureip --snapshot tb_tp_fsm_behav xil_defaultlib.tb_tp_fsm -log elaborate.log"
Vivado Simulator 2020.2
Copyright 1986-1999, 2001-2020 Xilinx, Inc. All Rights Reserved.
Running: E:/Vivado/2020.2/bin/unwrapped/win64.o/xelab.exe -wto 41c3b678fcbc49f7bd981d8d95da07a0 --incr --debug typical --relax --mt 2 -L xil_defaultlib -L secureip --snapshot tb_tp_fsm_behav xil_defaultlib.tb_tp_fsm -log elaborate.log 
Using 2 slave threads.
Starting static elaboration
Completed static elaboration
Starting simulation data flow analysis
Completed simulation data flow analysis
Time Resolution for simulation is 1ps
Compiling package std.standard
Compiling package std.textio
Compiling package ieee.std_logic_1164
Compiling package ieee.std_logic_arith
Compiling package ieee.std_logic_unsigned
Compiling architecture behavioral of entity xil_defaultlib.counter_unit [\counter_unit(cte=100)\]
Compiling architecture behavioral of entity xil_defaultlib.tp_fsm [tp_fsm_default]
Compiling architecture behavioral of entity xil_defaultlib.tb_tp_fsm
Built simulation snapshot tb_tp_fsm_behav
INFO: [USF-XSim-69] 'elaborate' step finished in '2' seconds
INFO: [USF-XSim-4] XSim::Simulate design
INFO: [USF-XSim-61] Executing 'SIMULATE' step in 'D:/AJC projets/TP3_FSM/FMS_LED.sim/sim_1/behav/xsim'
INFO: [USF-XSim-98] *** Running xsim
   with args "tb_tp_fsm_behav -key {Behavioral:sim_1:Functional:tb_tp_fsm} -tclbatch {tb_tp_fsm.tcl} -view {{D:/AJC projets/TP3_FSM/tb_tp_fsm_behav.wcfg}} -log {simulate.log}"
INFO: [USF-XSim-8] Loading simulator feature
Vivado Simulator 2020.2
Time resolution is 1 ps
open_wave_config {D:/AJC projets/TP3_FSM/tb_tp_fsm_behav.wcfg}
source tb_tp_fsm.tcl
# set curr_wave [current_wave_config]
# if { [string length $curr_wave] == 0 } {
#   if { [llength [get_objects]] > 0} {
#     add_wave /
#     set_property needs_save false [current_wave_config]
#   } else {
#      send_msg_id Add_Wave-1 WARNING "No top level signals found. Simulator will start without a wave window. If you want to open a wave window go to 'File->New Waveform Configuration' or type 'create_wave_config' in the TCL console."
#   }
# }
# run 1000ns
INFO: [USF-XSim-96] XSim completed. Design snapshot 'tb_tp_fsm_behav' loaded.
INFO: [USF-XSim-97] XSim simulation ran for 1000ns
launch_simulation: Time (s): cpu = 00:00:09 ; elapsed = 00:00:08 . Memory (MB): peak = 1145.188 ; gain = 0.000
run 25 us
close_sim
INFO: [Simtcl 6-16] Simulation closed
launch_simulation
Command: launch_simulation 
INFO: [Vivado 12-5682] Launching behavioral simulation in 'D:/AJC projets/TP3_FSM/FMS_LED.sim/sim_1/behav/xsim'
INFO: [SIM-utils-51] Simulation object is 'sim_1'
INFO: [SIM-utils-54] Inspecting design source files for 'tb_tp_fsm' in fileset 'sim_1'...
INFO: [USF-XSim-97] Finding global include files...
INFO: [USF-XSim-98] Fetching design files from 'sim_1'...
INFO: [USF-XSim-2] XSim::Compile design
INFO: [USF-XSim-61] Executing 'COMPILE and ANALYZE' step in 'D:/AJC projets/TP3_FSM/FMS_LED.sim/sim_1/behav/xsim'
"xvhdl --incr --relax -prj tb_tp_fsm_vhdl.prj"
INFO: [VRFC 10-163] Analyzing VHDL file "D:/AJC projets/TP3_FSM/tp_fsm.vhd" into library xil_defaultlib
INFO: [VRFC 10-3107] analyzing entity 'tp_fsm'
INFO: [USF-XSim-69] 'compile' step finished in '1' seconds
INFO: [USF-XSim-3] XSim::Elaborate design
INFO: [USF-XSim-61] Executing 'ELABORATE' step in 'D:/AJC projets/TP3_FSM/FMS_LED.sim/sim_1/behav/xsim'
"xelab -wto 41c3b678fcbc49f7bd981d8d95da07a0 --incr --debug typical --relax --mt 2 -L xil_defaultlib -L secureip --snapshot tb_tp_fsm_behav xil_defaultlib.tb_tp_fsm -log elaborate.log"
Vivado Simulator 2020.2
Copyright 1986-1999, 2001-2020 Xilinx, Inc. All Rights Reserved.
Running: E:/Vivado/2020.2/bin/unwrapped/win64.o/xelab.exe -wto 41c3b678fcbc49f7bd981d8d95da07a0 --incr --debug typical --relax --mt 2 -L xil_defaultlib -L secureip --snapshot tb_tp_fsm_behav xil_defaultlib.tb_tp_fsm -log elaborate.log 
Using 2 slave threads.
Starting static elaboration
Completed static elaboration
Starting simulation data flow analysis
Completed simulation data flow analysis
Time Resolution for simulation is 1ps
Compiling package std.standard
Compiling package std.textio
Compiling package ieee.std_logic_1164
Compiling package ieee.std_logic_arith
Compiling package ieee.std_logic_unsigned
Compiling architecture behavioral of entity xil_defaultlib.counter_unit [\counter_unit(cte=100000000)\]
Compiling architecture behavioral of entity xil_defaultlib.tp_fsm [tp_fsm_default]
Compiling architecture behavioral of entity xil_defaultlib.tb_tp_fsm
Built simulation snapshot tb_tp_fsm_behav
INFO: [USF-XSim-69] 'elaborate' step finished in '2' seconds
INFO: [USF-XSim-4] XSim::Simulate design
INFO: [USF-XSim-61] Executing 'SIMULATE' step in 'D:/AJC projets/TP3_FSM/FMS_LED.sim/sim_1/behav/xsim'
INFO: [USF-XSim-98] *** Running xsim
   with args "tb_tp_fsm_behav -key {Behavioral:sim_1:Functional:tb_tp_fsm} -tclbatch {tb_tp_fsm.tcl} -view {{D:/AJC projets/TP3_FSM/tb_tp_fsm_behav.wcfg}} -log {simulate.log}"
INFO: [USF-XSim-8] Loading simulator feature
Vivado Simulator 2020.2
Time resolution is 1 ps
open_wave_config {D:/AJC projets/TP3_FSM/tb_tp_fsm_behav.wcfg}
source tb_tp_fsm.tcl
# set curr_wave [current_wave_config]
# if { [string length $curr_wave] == 0 } {
#   if { [llength [get_objects]] > 0} {
#     add_wave /
#     set_property needs_save false [current_wave_config]
#   } else {
#      send_msg_id Add_Wave-1 WARNING "No top level signals found. Simulator will start without a wave window. If you want to open a wave window go to 'File->New Waveform Configuration' or type 'create_wave_config' in the TCL console."
#   }
# }
# run 1000ns
INFO: [USF-XSim-96] XSim completed. Design snapshot 'tb_tp_fsm_behav' loaded.
INFO: [USF-XSim-97] XSim simulation ran for 1000ns
launch_simulation: Time (s): cpu = 00:00:07 ; elapsed = 00:00:06 . Memory (MB): peak = 1145.188 ; gain = 0.000
reset_run synth_1
WARNING: [Vivado 12-1017] Problems encountered:
1. Failed to delete one or more files in run directory D:/AJC projets/TP3_FSM/FMS_LED.runs/synth_1

launch_runs synth_1 -jobs 4
[Tue Jun  6 22:48:23 2023] Launched synth_1...
Run output will be captured here: D:/AJC projets/TP3_FSM/FMS_LED.runs/synth_1/runme.log
launch_runs impl_1 -jobs 4
[Tue Jun  6 22:49:11 2023] Launched impl_1...
Run output will be captured here: D:/AJC projets/TP3_FSM/FMS_LED.runs/impl_1/runme.log
launch_runs impl_1 -to_step write_bitstream -jobs 4
[Tue Jun  6 22:50:11 2023] Launched impl_1...
Run output will be captured here: D:/AJC projets/TP3_FSM/FMS_LED.runs/impl_1/runme.log
open_hw_manager
connect_hw_server -allow_non_jtag
INFO: [Labtools 27-2285] Connecting to hw_server url TCP:localhost:3121
INFO: [Labtools 27-2222] Launching hw_server...
INFO: [Labtools 27-2221] Launch Output:

****** Xilinx hw_server v2020.2
  **** Build date : Nov 18 2020 at 10:01:48
    ** Copyright 1986-2020 Xilinx, Inc. All Rights Reserved.


INFO: [Labtools 27-3415] Connecting to cs_server url TCP:localhost:3042
INFO: [Labtools 27-3417] Launching cs_server...
INFO: [Labtools 27-2221] Launch Output:


******** Xilinx cs_server v2020.2
  ****** Build date   : Nov 03 2020-22:02:56
    **** Build number : 2020.2.1604437376
      ** Copyright 2017-2020 Xilinx, Inc. All Rights Reserved.



connect_hw_server: Time (s): cpu = 00:00:00 ; elapsed = 00:00:08 . Memory (MB): peak = 1145.188 ; gain = 0.000
open_hw_target
INFO: [Labtoolstcl 44-466] Opening hw_target localhost:3121/xilinx_tcf/Digilent/210370AD5281A
open_hw_target: Time (s): cpu = 00:00:05 ; elapsed = 00:00:08 . Memory (MB): peak = 2679.121 ; gain = 1533.934
set_property PROGRAM.FILE {D:/AJC projets/TP3_FSM/FMS_LED.runs/impl_1/tp_fsm.bit} [get_hw_devices xc7z010_1]
current_hw_device [get_hw_devices xc7z010_1]
refresh_hw_device -update_hw_probes false [lindex [get_hw_devices xc7z010_1] 0]
INFO: [Labtools 27-1435] Device xc7z010 (JTAG device index = 1) is not programmed (DONE status = 0).
set_property PROBES.FILE {} [get_hw_devices xc7z010_1]
set_property FULL_PROBES.FILE {} [get_hw_devices xc7z010_1]
set_property PROGRAM.FILE {D:/AJC projets/TP3_FSM/FMS_LED.runs/impl_1/tp_fsm.bit} [get_hw_devices xc7z010_1]
program_hw_devices [get_hw_devices xc7z010_1]
INFO: [Labtools 27-3164] End of startup status: HIGH
refresh_hw_device [lindex [get_hw_devices xc7z010_1] 0]
INFO: [Labtools 27-1434] Device xc7z010 (JTAG device index = 1) is programmed with a design that has no supported debug core(s) in it.
ERROR: [Labtoolstcl 44-513] HW Target shutdown. Closing target: localhost:3121/xilinx_tcf/Digilent/210370AD5281A
open_run synth_1 -name synth_1
Design is defaulting to impl run constrset: constrs_1
Design is defaulting to synth run part: xc7z010clg400-1
INFO: [Device 21-403] Loading part xc7z010clg400-1
Netlist sorting complete. Time (s): cpu = 00:00:00 ; elapsed = 00:00:00.001 . Memory (MB): peak = 3005.535 ; gain = 0.000
INFO: [Netlist 29-17] Analyzing 8 Unisim elements for replacement
INFO: [Netlist 29-28] Unisim Transformation completed in 0 CPU seconds
INFO: [Project 1-479] Netlist was created with Vivado 2020.2
INFO: [Project 1-570] Preparing netlist for logic optimization
Parsing XDC File [D:/AJC projets/TP3_FSM/Cora-Z7-10-Master.xdc]
Finished Parsing XDC File [D:/AJC projets/TP3_FSM/Cora-Z7-10-Master.xdc]
INFO: [Opt 31-138] Pushed 0 inverter(s) to 0 load pin(s).
Netlist sorting complete. Time (s): cpu = 00:00:00 ; elapsed = 00:00:00 . Memory (MB): peak = 3115.727 ; gain = 0.000
INFO: [Project 1-111] Unisim Transformation Summary:
No Unisim elements were transformed.

open_run: Time (s): cpu = 00:00:26 ; elapsed = 00:00:25 . Memory (MB): peak = 3248.031 ; gain = 512.969
close_sim
INFO: [Simtcl 6-16] Simulation closed
exit
INFO: [Common 17-206] Exiting Vivado at Wed Jun  7 00:11:03 2023...
