#-----------------------------------------------------------
# Vivado v2020.2 (64-bit)
# SW Build 3064766 on Wed Nov 18 09:12:45 MST 2020
# IP Build 3064653 on Wed Nov 18 14:17:31 MST 2020
# Start of session at: Tue Jun  6 18:43:24 2023
# Process ID: 13328
# Current directory: D:/AJC projets/TP3_FSM
# Command line: vivado.exe -gui_launcher_event rodinguilauncherevent10856 D:\AJC projets\TP3_FSM\project_3.xpr
# Log file: D:/AJC projets/TP3_FSM/vivado.log
# Journal file: D:/AJC projets/TP3_FSM\vivado.jou
#-----------------------------------------------------------
start_gui
open_project {D:/AJC projets/TP3_FSM/project_3.xpr}
WARNING: [filemgmt 56-3] Default IP Output Path : Could not find the directory 'D:/AJC projets/TP3_FSM/project_3.gen/sources_1'.
Scanning sources...
Finished scanning sources
INFO: [IP_Flow 19-234] Refreshing IP repositories
INFO: [IP_Flow 19-1704] No user IP repositories specified
INFO: [IP_Flow 19-2313] Loaded Vivado IP repository 'E:/Vivado/2020.2/data/ip'.
open_project: Time (s): cpu = 00:00:15 ; elapsed = 00:00:06 . Memory (MB): peak = 1145.086 ; gain = 0.000
update_compile_order -fileset sources_1
reset_run synth_1
launch_runs synth_1 -jobs 4
[Tue Jun  6 18:44:49 2023] Launched synth_1...
Run output will be captured here: D:/AJC projets/TP3_FSM/project_3.runs/synth_1/runme.log
open_run synth_1 -name synth_1
Design is defaulting to impl run constrset: constrs_1
Design is defaulting to synth run part: xc7z010clg400-1
INFO: [Device 21-403] Loading part xc7z010clg400-1
Netlist sorting complete. Time (s): cpu = 00:00:00 ; elapsed = 00:00:00.001 . Memory (MB): peak = 1309.266 ; gain = 0.000
INFO: [Netlist 29-17] Analyzing 8 Unisim elements for replacement
INFO: [Netlist 29-28] Unisim Transformation completed in 0 CPU seconds
INFO: [Project 1-479] Netlist was created with Vivado 2020.2
INFO: [Project 1-570] Preparing netlist for logic optimization
Parsing XDC File [D:/AJC projets/TP3_FSM/Cora-Z7-10-Master.xdc]
Finished Parsing XDC File [D:/AJC projets/TP3_FSM/Cora-Z7-10-Master.xdc]
INFO: [Opt 31-138] Pushed 0 inverter(s) to 0 load pin(s).
Netlist sorting complete. Time (s): cpu = 00:00:00 ; elapsed = 00:00:00 . Memory (MB): peak = 1418.805 ; gain = 0.000
INFO: [Project 1-111] Unisim Transformation Summary:
No Unisim elements were transformed.

open_run: Time (s): cpu = 00:00:18 ; elapsed = 00:00:13 . Memory (MB): peak = 1543.566 ; gain = 398.480
exit
INFO: [Common 17-206] Exiting Vivado at Tue Jun  6 21:36:50 2023...
