#-----------------------------------------------------------
# Vivado v2020.2 (64-bit)
# SW Build 3064766 on Wed Nov 18 09:12:45 MST 2020
# IP Build 3064653 on Wed Nov 18 14:17:31 MST 2020
# Start of session at: Mon Jun  5 09:04:52 2023
# Process ID: 12496
# Current directory: C:/Users/utilisateur/Desktop/LTspice/Porte logique/CoursFPGA/TP4_v2205_partie2_ok
# Command line: vivado.exe -gui_launcher_event rodinguilauncherevent11808 C:\Users\utilisateur\Desktop\LTspice\Porte logique\CoursFPGA\TP4_v2205_partie2_ok\LEDdriver.xpr
# Log file: C:/Users/utilisateur/Desktop/LTspice/Porte logique/CoursFPGA/TP4_v2205_partie2_ok/vivado.log
# Journal file: C:/Users/utilisateur/Desktop/LTspice/Porte logique/CoursFPGA/TP4_v2205_partie2_ok\vivado.jou
#-----------------------------------------------------------
start_gui
open_project {C:/Users/utilisateur/Desktop/LTspice/Porte logique/CoursFPGA/TP4_v2205_partie2_ok/LEDdriver.xpr}
INFO: [ProjectBase 1-489] The host OS only allows 260 characters in a normal path. The project is stored in a path with more than 80 characters. If you experience issues with IP, Block Designs, or files not being found, please consider moving the project to a location with a shorter path. Alternately consider using the OS subst command to map part of the path to a drive letter.
Current project path is 'C:/Users/utilisateur/Desktop/LTspice/Porte logique/CoursFPGA/TP4_v2205_partie2_ok'
Scanning sources...
Finished scanning sources
INFO: [IP_Flow 19-234] Refreshing IP repositories
INFO: [IP_Flow 19-1704] No user IP repositories specified
INFO: [IP_Flow 19-2313] Loaded Vivado IP repository 'E:/Vivado/2020.2/data/ip'.
open_project: Time (s): cpu = 00:00:16 ; elapsed = 00:00:06 . Memory (MB): peak = 1144.039 ; gain = 0.000
update_compile_order -fileset sources_1
exit
INFO: [Common 17-206] Exiting Vivado at Mon Jun  5 09:05:35 2023...
