#-----------------------------------------------------------
# Vivado v2020.2 (64-bit)
# SW Build 3064766 on Wed Nov 18 09:12:45 MST 2020
# IP Build 3064653 on Wed Nov 18 14:17:31 MST 2020
# Start of session at: Mon Jun  5 09:27:07 2023
# Process ID: 6424
# Current directory: C:/Users/utilisateur/Desktop/LTspice/Porte logique/CoursFPGA/TP4_v2205_partie2_ok
# Command line: vivado.exe -gui_launcher_event rodinguilauncherevent14972 C:\Users\utilisateur\Desktop\LTspice\Porte logique\CoursFPGA\TP4_v2205_partie2_ok\LEDdriver.xpr
# Log file: C:/Users/utilisateur/Desktop/LTspice/Porte logique/CoursFPGA/TP4_v2205_partie2_ok/vivado.log
# Journal file: C:/Users/utilisateur/Desktop/LTspice/Porte logique/CoursFPGA/TP4_v2205_partie2_ok\vivado.jou
#-----------------------------------------------------------
start_gui
open_project {C:/Users/utilisateur/Desktop/LTspice/Porte logique/CoursFPGA/TP4_v2205_partie2_ok/LEDdriver.xpr}
INFO: [ProjectBase 1-489] The host OS only allows 260 characters in a normal path. The project is stored in a path with more than 80 characters. If you experience issues with IP, Block Designs, or files not being found, please consider moving the project to a location with a shorter path. Alternately consider using the OS subst command to map part of the path to a drive letter.
Current project path is 'C:/Users/utilisateur/Desktop/LTspice/Porte logique/CoursFPGA/TP4_v2205_partie2_ok'
Scanning sources...
Finished scanning sources
INFO: [IP_Flow 19-234] Refreshing IP repositories
INFO: [IP_Flow 19-1704] No user IP repositories specified
INFO: [IP_Flow 19-2313] Loaded Vivado IP repository 'E:/Vivado/2020.2/data/ip'.
open_project: Time (s): cpu = 00:00:15 ; elapsed = 00:00:07 . Memory (MB): peak = 1145.852 ; gain = 0.000
update_compile_order -fileset sources_1
launch_simulation
Command: launch_simulation 
INFO: [Vivado 12-5698] Checking validity of IPs in the design for the 'XSim' simulator...
INFO: [Vivado 12-5682] Launching behavioral simulation in 'C:/Users/utilisateur/Desktop/LTspice/Porte logique/CoursFPGA/TP4_v2205_partie2_ok/LEDdriver.sim/sim_1/behav/xsim'
INFO: [Vivado 12-4795] Using compiled simulation libraries for IPs
INFO: [SIM-utils-51] Simulation object is 'sim_1'
INFO: [USF-XSim-7] Finding pre-compiled libraries...
INFO: [USF-XSim-11] File 'E:/Vivado/2020.2/data/xsim/xsim.ini' copied to run dir:'C:/Users/utilisateur/Desktop/LTspice/Porte logique/CoursFPGA/TP4_v2205_partie2_ok/LEDdriver.sim/sim_1/behav/xsim'
INFO: [SIM-utils-54] Inspecting design source files for 'TOP' in fileset 'sim_1'...
INFO: [USF-XSim-97] Finding global include files...
INFO: [USF-XSim-98] Fetching design files from 'sim_1'...
INFO: [USF-XSim-2] XSim::Compile design
INFO: [USF-XSim-61] Executing 'COMPILE and ANALYZE' step in 'C:/Users/utilisateur/Desktop/LTspice/Porte logique/CoursFPGA/TP4_v2205_partie2_ok/LEDdriver.sim/sim_1/behav/xsim'
"xvlog --incr --relax -prj TOP_vlog.prj"
"xvhdl --incr --relax -prj TOP_vhdl.prj"
INFO: [USF-XSim-69] 'compile' step finished in '3' seconds
INFO: [USF-XSim-3] XSim::Elaborate design
INFO: [USF-XSim-61] Executing 'ELABORATE' step in 'C:/Users/utilisateur/Desktop/LTspice/Porte logique/CoursFPGA/TP4_v2205_partie2_ok/LEDdriver.sim/sim_1/behav/xsim'
"xelab -wto ef226d9022af45929ad9f070ad826930 --incr --debug typical --relax --mt 2 -L xil_defaultlib -L fifo_generator_v13_2_5 -L unisims_ver -L unimacro_ver -L secureip -L xpm --snapshot TOP_behav xil_defaultlib.TOP xil_defaultlib.glbl -log elaborate.log"
Vivado Simulator 2020.2
Copyright 1986-1999, 2001-2020 Xilinx, Inc. All Rights Reserved.
Running: E:/Vivado/2020.2/bin/unwrapped/win64.o/xelab.exe -wto ef226d9022af45929ad9f070ad826930 --incr --debug typical --relax --mt 2 -L xil_defaultlib -L fifo_generator_v13_2_5 -L unisims_ver -L unimacro_ver -L secureip -L xpm --snapshot TOP_behav xil_defaultlib.TOP xil_defaultlib.glbl -log elaborate.log 
Using 2 slave threads.
Starting static elaboration
Pass Through NonSizing Optimizer
Completed static elaboration
INFO: [XSIM 43-4323] No Change in HDL. Linking previously generated obj files to create kernel
INFO: [USF-XSim-69] 'elaborate' step finished in '2' seconds
INFO: [USF-XSim-4] XSim::Simulate design
INFO: [USF-XSim-61] Executing 'SIMULATE' step in 'C:/Users/utilisateur/Desktop/LTspice/Porte logique/CoursFPGA/TP4_v2205_partie2_ok/LEDdriver.sim/sim_1/behav/xsim'
INFO: [USF-XSim-98] *** Running xsim
   with args "TOP_behav -key {Behavioral:sim_1:Functional:TOP} -tclbatch {TOP.tcl} -view {{C:/Users/utilisateur/Desktop/LTspice/Porte logique/CoursFPGA/TP4_v2205_partie2_ok/tb_tp_led_driver_behav.wcfg}} -log {simulate.log}"
INFO: [USF-XSim-8] Loading simulator feature
Vivado Simulator 2020.2
Time resolution is 1 ps
open_wave_config {C:/Users/utilisateur/Desktop/LTspice/Porte logique/CoursFPGA/TP4_v2205_partie2_ok/tb_tp_led_driver_behav.wcfg}
source TOP.tcl
# set curr_wave [current_wave_config]
# if { [string length $curr_wave] == 0 } {
#   if { [llength [get_objects]] > 0} {
#     add_wave /
#     set_property needs_save false [current_wave_config]
#   } else {
#      send_msg_id Add_Wave-1 WARNING "No top level signals found. Simulator will start without a wave window. If you want to open a wave window go to 'File->New Waveform Configuration' or type 'create_wave_config' in the TCL console."
#   }
# }
# run 1000ns
INFO: [USF-XSim-96] XSim completed. Design snapshot 'TOP_behav' loaded.
INFO: [USF-XSim-97] XSim simulation ran for 1000ns
launch_simulation: Time (s): cpu = 00:00:13 ; elapsed = 00:00:10 . Memory (MB): peak = 1145.852 ; gain = 0.000
update_compile_order -fileset sim_1
launch_simulation
Command: launch_simulation 
boost::filesystem::remove: Le processus ne peut pas accéder au fichier car ce fichier est utilisé par un autre processus: "C:/Users/utilisateur/Desktop/LTspice/Porte logique/CoursFPGA/TP4_v2205_partie2_ok/LEDdriver.sim/sim_1/behav/xsim/simulate.log"
launch_simulation
Command: launch_simulation 
boost::filesystem::remove: Le processus ne peut pas accéder au fichier car ce fichier est utilisé par un autre processus: "C:/Users/utilisateur/Desktop/LTspice/Porte logique/CoursFPGA/TP4_v2205_partie2_ok/LEDdriver.sim/sim_1/behav/xsim/simulate.log"
close_sim
INFO: [Simtcl 6-16] Simulation closed
exit
INFO: [Common 17-206] Exiting Vivado at Mon Jun  5 09:29:25 2023...
