#-----------------------------------------------------------
# Vivado v2020.2 (64-bit)
# SW Build 3064766 on Wed Nov 18 09:12:45 MST 2020
# IP Build 3064653 on Wed Nov 18 14:17:31 MST 2020
# Start of session at: Wed Jul 19 09:44:22 2023
# Process ID: 4600
# Current directory: C:/Users/utilisateur/Desktop/CoursFPGA_AJC/CoursFPGA_AJC/Sobel filtre projet
# Command line: vivado.exe -gui_launcher_event rodinguilauncherevent10916 C:\Users\utilisateur\Desktop\CoursFPGA_AJC\CoursFPGA_AJC\Sobel filtre projet\IP_Sobel.xpr
# Log file: C:/Users/utilisateur/Desktop/CoursFPGA_AJC/CoursFPGA_AJC/Sobel filtre projet/vivado.log
# Journal file: C:/Users/utilisateur/Desktop/CoursFPGA_AJC/CoursFPGA_AJC/Sobel filtre projet\vivado.jou
#-----------------------------------------------------------
start_gui
open_project {C:/Users/utilisateur/Desktop/CoursFPGA_AJC/CoursFPGA_AJC/Sobel filtre projet/IP_Sobel.xpr}
INFO: [Project 1-313] Project file moved from 'D:/AJC projets/filtre Sobel/Sobel filtre_11072023_nature_image_grande_taille' since last save.
INFO: [filemgmt 56-1] IP Output Repository Path: Directory not found as 'C:/Users/utilisateur/Desktop/CoursFPGA_AJC/CoursFPGA_AJC/Sobel filtre projet/IP_Sobel/IP_Sobel.cache/ip'; using path 'D:/AJC projets/filtre Sobel/Sobel filtre_11072023_nature_image_grande_taille/IP_Sobel/IP_Sobel.cache/ip' instead.
WARNING: [filemgmt 56-2] Default IP Output Path : Could not find the directory 'C:/Users/utilisateur/Desktop/CoursFPGA_AJC/CoursFPGA_AJC/Sobel filtre projet/IP_Sobel.gen/sources_1', nor could it be found using path 'D:/AJC projets/filtre Sobel/Sobel filtre_11072023_nature_image_grande_taille/IP_Sobel.gen/sources_1'.
INFO: [filemgmt 56-1] IPUserFilesDir: Directory not found as 'C:/Users/utilisateur/Desktop/CoursFPGA_AJC/CoursFPGA_AJC/Sobel filtre projet/IP_Sobel/IP_Sobel.ip_user_files'; using path 'D:/AJC projets/filtre Sobel/Sobel filtre_11072023_nature_image_grande_taille/IP_Sobel/IP_Sobel.ip_user_files' instead.
WARNING: [Project 1-312] File not found as 'C:/Users/utilisateur/Desktop/CoursFPGA_AJC/CoursFPGA_AJC/Sobel filtre projet/IP_Sobel/IP_Sobel.srcs/sources_1/ip/fifo_generator_0/fifo_generator_0.xci'; using path 'D:/AJC projets/filtre Sobel/Sobel filtre_11072023_nature_image_grande_taille/IP_Sobel/IP_Sobel.srcs/sources_1/ip/fifo_generator_0/fifo_generator_0.xci' instead.
Scanning sources...
Finished scanning sources
INFO: [IP_Flow 19-234] Refreshing IP repositories
INFO: [IP_Flow 19-1704] No user IP repositories specified
INFO: [IP_Flow 19-2313] Loaded Vivado IP repository 'E:/Vivado/2020.2/data/ip'.
open_project: Time (s): cpu = 00:00:13 ; elapsed = 00:00:07 . Memory (MB): peak = 1143.387 ; gain = 0.000
update_compile_order -fileset sources_1
exit
INFO: [Common 17-206] Exiting Vivado at Wed Jul 19 09:44:58 2023...
